<?xml version="1.0" encoding="UTF-8"?>
<!-- Generated by org.testng.reporters.JUnitXMLReporter -->
<testsuite hostname="PruthviRaj" ignored="0" name="Default test" tests="18" failures="0" timestamp="2021-11-07T21:42:19 MST" time="79.061" errors="0">
  <testcase name="validateImmigationsButton_bgcolor" time="0.185" classname="com.orangeHRM.qa.testcases.ImmigrationPageTest"/>
  <testcase name="colorValidationForAddandDeleteButtons" time="0.072" classname="com.orangeHRM.qa.testcases.ImmigrationPageTest"/>
  <testcase name="setcontext" time="0.001" classname="com.orangeHRM.qa.testcases.ImmigrationPageTest"/>
  <testcase name="tableValidating" time="0.409" classname="com.orangeHRM.qa.testcases.ImmigrationPageTest"/>
  <testcase name="verifyimmigrationTestPage" time="7.655" classname="com.orangeHRM.qa.testcases.ImmigrationPageTest"/>
  <testcase name="verifyissueDateFormat" time="2.138" classname="com.orangeHRM.qa.testcases.ImmigrationPageTest"/>
  <testcase name="dropdownSortedOrNot" time="3.674" classname="com.orangeHRM.qa.testcases.ImmigrationPageTest"/>
  <testcase name="setcontext3" time="0.001" classname="com.orangeHRM.qa.testcases.ImmigrationPageTest"/>
  <testcase name="editImmigrationTesting" time="7.067" classname="com.orangeHRM.qa.testcases.ImmigrationPageTest"/>
  <testcase name="setcontext1" time="0.001" classname="com.orangeHRM.qa.testcases.ImmigrationPageTest"/>
  <testcase name="immigrationAttatchmentTesting" time="10.46" classname="com.orangeHRM.qa.testcases.ImmigrationPageTest"/>
  <testcase name="colorOfButtons" time="0.118" classname="com.orangeHRM.qa.testcases.ImmigrationPageTest"/>
  <testcase name="clickingOnEditLink" time="17.644" classname="com.orangeHRM.qa.testcases.ImmigrationPageTest"/>
  <testcase name="tableHeaderValidation" time="0.701" classname="com.orangeHRM.qa.testcases.ImmigrationPageTest"/>
  <testcase name="toolTipValidation" time="0.224" classname="com.orangeHRM.qa.testcases.ImmigrationPageTest"/>
  <testcase name="example_VerifyDownloadWithFileName" time="4.153" classname="com.orangeHRM.qa.testcases.ImmigrationPageTest"/>
  <testcase name="deletingSingle_Attatchment" time="13.074" classname="com.orangeHRM.qa.testcases.ImmigrationPageTest"/>
  <testcase name="deletingall_Attatchments" time="0.001" classname="com.orangeHRM.qa.testcases.ImmigrationPageTest"/>
</testsuite> <!-- Default test -->
