<?xml version="1.0" encoding="UTF-8"?>
<!-- Generated by org.testng.reporters.JUnitXMLReporter -->
<testsuite hostname="PruthviRaj" ignored="0" name="Test" tests="256" failures="12" timestamp="2021-11-08T23:28:15 MST" time="857.655" errors="0">
  <testcase name="@BeforeClass verifyMyRecordsPageNavigation" time="0.687" classname="com.orangeHRM.qa.testcases.MyRecordsPageTest">
    <failure type="org.openqa.selenium.NoSuchElementException" message="no such element: Unable to locate element: {&amp;quot;method&amp;quot;:&amp;quot;css selector&amp;quot;,&amp;quot;selector&amp;quot;:&amp;quot;#menu_time_viewTimeModule&amp;quot;}
  (Session info: chrome=95.0.4638.69)
For documentation on this error, please visit: https://www.seleniumhq.org/exceptions/no_such_element.html
Build info: version: &amp;apos;3.141.59&amp;apos;, revision: &amp;apos;e82be7d358&amp;apos;, time: &amp;apos;2018-11-14T08:17:03&amp;apos;
System info: host: &amp;apos;PRUTHVIRAJ&amp;apos;, ip: &amp;apos;192.168.0.123&amp;apos;, os.name: &amp;apos;Windows 10&amp;apos;, os.arch: &amp;apos;amd64&amp;apos;, os.version: &amp;apos;10.0&amp;apos;, java.version: &amp;apos;1.8.0_191&amp;apos;
Driver info: org.openqa.selenium.chrome.ChromeDriver
Capabilities {acceptInsecureCerts: false, browserName: chrome, browserVersion: 95.0.4638.69, chrome: {chromedriverVersion: 95.0.4638.69 (6a1600ed572fe..., userDataDir: C:\Users\pruthvi\AppData\Lo...}, goog:chromeOptions: {debuggerAddress: localhost:57830}, javascriptEnabled: true, networkConnectionEnabled: false, pageLoadStrategy: normal, platform: WINDOWS, platformName: WINDOWS, proxy: Proxy(), setWindowRect: true, strictFileInteractability: false, timeouts: {implicit: 0, pageLoad: 300000, script: 30000}, unhandledPromptBehavior: dismiss and notify, webauthn:extension:credBlob: true, webauthn:extension:largeBlob: true, webauthn:virtualAuthenticators: true}
Session ID: 9a4da81c0ca2ceb77853581c924d5ac6
*** Element info: {Using=id, value=menu_time_viewTimeModule}">
      <![CDATA[org.openqa.selenium.NoSuchElementException: no such element: Unable to locate element: {"method":"css selector","selector":"#menu_time_viewTimeModule"}
  (Session info: chrome=95.0.4638.69)
For documentation on this error, please visit: https://www.seleniumhq.org/exceptions/no_such_element.html
Build info: version: '3.141.59', revision: 'e82be7d358', time: '2018-11-14T08:17:03'
System info: host: 'PRUTHVIRAJ', ip: '192.168.0.123', os.name: 'Windows 10', os.arch: 'amd64', os.version: '10.0', java.version: '1.8.0_191'
Driver info: org.openqa.selenium.chrome.ChromeDriver
Capabilities {acceptInsecureCerts: false, browserName: chrome, browserVersion: 95.0.4638.69, chrome: {chromedriverVersion: 95.0.4638.69 (6a1600ed572fe..., userDataDir: C:\Users\pruthvi\AppData\Lo...}, goog:chromeOptions: {debuggerAddress: localhost:57830}, javascriptEnabled: true, networkConnectionEnabled: false, pageLoadStrategy: normal, platform: WINDOWS, platformName: WINDOWS, proxy: Proxy(), setWindowRect: true, strictFileInteractability: false, timeouts: {implicit: 0, pageLoad: 300000, script: 30000}, unhandledPromptBehavior: dismiss and notify, webauthn:extension:credBlob: true, webauthn:extension:largeBlob: true, webauthn:virtualAuthenticators: true}
Session ID: 9a4da81c0ca2ceb77853581c924d5ac6
*** Element info: {Using=id, value=menu_time_viewTimeModule}
at org.openqa.selenium.remote.http.W3CHttpResponseCodec.createException(W3CHttpResponseCodec.java:187)
at org.openqa.selenium.remote.http.W3CHttpResponseCodec.decode(W3CHttpResponseCodec.java:122)
at org.openqa.selenium.remote.http.W3CHttpResponseCodec.decode(W3CHttpResponseCodec.java:49)
at org.openqa.selenium.remote.HttpCommandExecutor.execute(HttpCommandExecutor.java:158)
at org.openqa.selenium.remote.service.DriverCommandExecutor.execute(DriverCommandExecutor.java:83)
at org.openqa.selenium.remote.RemoteWebDriver.execute(RemoteWebDriver.java:552)
at org.openqa.selenium.remote.RemoteWebDriver.findElement(RemoteWebDriver.java:323)
at org.openqa.selenium.remote.RemoteWebDriver.findElementById(RemoteWebDriver.java:372)
at org.openqa.selenium.By$ById.findElement(By.java:188)
at org.openqa.selenium.remote.RemoteWebDriver.findElement(RemoteWebDriver.java:315)
at com.orangeHRM.qa.base.BaseVerification.getTime_id(BaseVerification.java:166)
at com.orangeHRM.qa.base.BaseVerification.navigatingToTime(BaseVerification.java:241)
at com.orangeHRM.qa.testcases.MyRecordsPageTest.verifyMyRecordsPageNavigation(MyRecordsPageTest.java:22)
at java.util.ArrayList.forEach(ArrayList.java:1257)
... Removed 29 stack frames]]>
    </failure>
  </testcase> <!-- @BeforeClass verifyMyRecordsPageNavigation -->
  <testcase name="@AfterClass close" time="-1.636439204781E9" classname="com.orangeHRM.qa.base.BaseClass">
    <skipped/>
  </testcase> <!-- @AfterClass close -->
  <testcase name="@BeforeClass verifyMyTrackersPageNavigation" time="0.477" classname="com.orangeHRM.qa.testcases.ReviewListPageTest">
    <failure type="org.openqa.selenium.NoSuchElementException" message="no such element: Unable to locate element: {&amp;quot;method&amp;quot;:&amp;quot;css selector&amp;quot;,&amp;quot;selector&amp;quot;:&amp;quot;#menu__Performance&amp;quot;}
  (Session info: chrome=95.0.4638.69)
For documentation on this error, please visit: https://www.seleniumhq.org/exceptions/no_such_element.html
Build info: version: &amp;apos;3.141.59&amp;apos;, revision: &amp;apos;e82be7d358&amp;apos;, time: &amp;apos;2018-11-14T08:17:03&amp;apos;
System info: host: &amp;apos;PRUTHVIRAJ&amp;apos;, ip: &amp;apos;192.168.0.123&amp;apos;, os.name: &amp;apos;Windows 10&amp;apos;, os.arch: &amp;apos;amd64&amp;apos;, os.version: &amp;apos;10.0&amp;apos;, java.version: &amp;apos;1.8.0_191&amp;apos;
Driver info: org.openqa.selenium.chrome.ChromeDriver
Capabilities {acceptInsecureCerts: false, browserName: chrome, browserVersion: 95.0.4638.69, chrome: {chromedriverVersion: 95.0.4638.69 (6a1600ed572fe..., userDataDir: C:\Users\pruthvi\AppData\Lo...}, goog:chromeOptions: {debuggerAddress: localhost:57830}, javascriptEnabled: true, networkConnectionEnabled: false, pageLoadStrategy: normal, platform: WINDOWS, platformName: WINDOWS, proxy: Proxy(), setWindowRect: true, strictFileInteractability: false, timeouts: {implicit: 0, pageLoad: 300000, script: 30000}, unhandledPromptBehavior: dismiss and notify, webauthn:extension:credBlob: true, webauthn:extension:largeBlob: true, webauthn:virtualAuthenticators: true}
Session ID: 9a4da81c0ca2ceb77853581c924d5ac6
*** Element info: {Using=id, value=menu__Performance}">
      <![CDATA[org.openqa.selenium.NoSuchElementException: no such element: Unable to locate element: {"method":"css selector","selector":"#menu__Performance"}
  (Session info: chrome=95.0.4638.69)
For documentation on this error, please visit: https://www.seleniumhq.org/exceptions/no_such_element.html
Build info: version: '3.141.59', revision: 'e82be7d358', time: '2018-11-14T08:17:03'
System info: host: 'PRUTHVIRAJ', ip: '192.168.0.123', os.name: 'Windows 10', os.arch: 'amd64', os.version: '10.0', java.version: '1.8.0_191'
Driver info: org.openqa.selenium.chrome.ChromeDriver
Capabilities {acceptInsecureCerts: false, browserName: chrome, browserVersion: 95.0.4638.69, chrome: {chromedriverVersion: 95.0.4638.69 (6a1600ed572fe..., userDataDir: C:\Users\pruthvi\AppData\Lo...}, goog:chromeOptions: {debuggerAddress: localhost:57830}, javascriptEnabled: true, networkConnectionEnabled: false, pageLoadStrategy: normal, platform: WINDOWS, platformName: WINDOWS, proxy: Proxy(), setWindowRect: true, strictFileInteractability: false, timeouts: {implicit: 0, pageLoad: 300000, script: 30000}, unhandledPromptBehavior: dismiss and notify, webauthn:extension:credBlob: true, webauthn:extension:largeBlob: true, webauthn:virtualAuthenticators: true}
Session ID: 9a4da81c0ca2ceb77853581c924d5ac6
*** Element info: {Using=id, value=menu__Performance}
at org.openqa.selenium.remote.http.W3CHttpResponseCodec.createException(W3CHttpResponseCodec.java:187)
at org.openqa.selenium.remote.http.W3CHttpResponseCodec.decode(W3CHttpResponseCodec.java:122)
at org.openqa.selenium.remote.http.W3CHttpResponseCodec.decode(W3CHttpResponseCodec.java:49)
at org.openqa.selenium.remote.HttpCommandExecutor.execute(HttpCommandExecutor.java:158)
at org.openqa.selenium.remote.service.DriverCommandExecutor.execute(DriverCommandExecutor.java:83)
at org.openqa.selenium.remote.RemoteWebDriver.execute(RemoteWebDriver.java:552)
at org.openqa.selenium.remote.RemoteWebDriver.findElement(RemoteWebDriver.java:323)
at org.openqa.selenium.remote.RemoteWebDriver.findElementById(RemoteWebDriver.java:372)
at org.openqa.selenium.By$ById.findElement(By.java:188)
at org.openqa.selenium.remote.RemoteWebDriver.findElement(RemoteWebDriver.java:315)
at com.orangeHRM.qa.base.BaseVerification.getPerformance_id(BaseVerification.java:181)
at com.orangeHRM.qa.base.BaseVerification.navigatingToPerformance(BaseVerification.java:258)
at com.orangeHRM.qa.testcases.ReviewListPageTest.verifyMyTrackersPageNavigation(ReviewListPageTest.java:22)
at java.util.ArrayList.forEach(ArrayList.java:1257)
... Removed 29 stack frames]]>
    </failure>
  </testcase> <!-- @BeforeClass verifyMyTrackersPageNavigation -->
  <testcase name="@AfterClass close" time="-1.636439205711E9" classname="com.orangeHRM.qa.base.BaseClass">
    <skipped/>
  </testcase> <!-- @AfterClass close -->
  <testcase name="@BeforeClass verifyApplyLeaveNavigationPageNavigation" time="0.514" classname="com.orangeHRM.qa.testcases.ApplyLeavePageTest">
    <failure type="org.openqa.selenium.NoSuchElementException" message="no such element: Unable to locate element: {&amp;quot;method&amp;quot;:&amp;quot;css selector&amp;quot;,&amp;quot;selector&amp;quot;:&amp;quot;#menu_leave_viewLeaveModule&amp;quot;}
  (Session info: chrome=95.0.4638.69)
For documentation on this error, please visit: https://www.seleniumhq.org/exceptions/no_such_element.html
Build info: version: &amp;apos;3.141.59&amp;apos;, revision: &amp;apos;e82be7d358&amp;apos;, time: &amp;apos;2018-11-14T08:17:03&amp;apos;
System info: host: &amp;apos;PRUTHVIRAJ&amp;apos;, ip: &amp;apos;192.168.0.123&amp;apos;, os.name: &amp;apos;Windows 10&amp;apos;, os.arch: &amp;apos;amd64&amp;apos;, os.version: &amp;apos;10.0&amp;apos;, java.version: &amp;apos;1.8.0_191&amp;apos;
Driver info: org.openqa.selenium.chrome.ChromeDriver
Capabilities {acceptInsecureCerts: false, browserName: chrome, browserVersion: 95.0.4638.69, chrome: {chromedriverVersion: 95.0.4638.69 (6a1600ed572fe..., userDataDir: C:\Users\pruthvi\AppData\Lo...}, goog:chromeOptions: {debuggerAddress: localhost:57830}, javascriptEnabled: true, networkConnectionEnabled: false, pageLoadStrategy: normal, platform: WINDOWS, platformName: WINDOWS, proxy: Proxy(), setWindowRect: true, strictFileInteractability: false, timeouts: {implicit: 0, pageLoad: 300000, script: 30000}, unhandledPromptBehavior: dismiss and notify, webauthn:extension:credBlob: true, webauthn:extension:largeBlob: true, webauthn:virtualAuthenticators: true}
Session ID: 9a4da81c0ca2ceb77853581c924d5ac6
*** Element info: {Using=id, value=menu_leave_viewLeaveModule}">
      <![CDATA[org.openqa.selenium.NoSuchElementException: no such element: Unable to locate element: {"method":"css selector","selector":"#menu_leave_viewLeaveModule"}
  (Session info: chrome=95.0.4638.69)
For documentation on this error, please visit: https://www.seleniumhq.org/exceptions/no_such_element.html
Build info: version: '3.141.59', revision: 'e82be7d358', time: '2018-11-14T08:17:03'
System info: host: 'PRUTHVIRAJ', ip: '192.168.0.123', os.name: 'Windows 10', os.arch: 'amd64', os.version: '10.0', java.version: '1.8.0_191'
Driver info: org.openqa.selenium.chrome.ChromeDriver
Capabilities {acceptInsecureCerts: false, browserName: chrome, browserVersion: 95.0.4638.69, chrome: {chromedriverVersion: 95.0.4638.69 (6a1600ed572fe..., userDataDir: C:\Users\pruthvi\AppData\Lo...}, goog:chromeOptions: {debuggerAddress: localhost:57830}, javascriptEnabled: true, networkConnectionEnabled: false, pageLoadStrategy: normal, platform: WINDOWS, platformName: WINDOWS, proxy: Proxy(), setWindowRect: true, strictFileInteractability: false, timeouts: {implicit: 0, pageLoad: 300000, script: 30000}, unhandledPromptBehavior: dismiss and notify, webauthn:extension:credBlob: true, webauthn:extension:largeBlob: true, webauthn:virtualAuthenticators: true}
Session ID: 9a4da81c0ca2ceb77853581c924d5ac6
*** Element info: {Using=id, value=menu_leave_viewLeaveModule}
at org.openqa.selenium.remote.http.W3CHttpResponseCodec.createException(W3CHttpResponseCodec.java:187)
at org.openqa.selenium.remote.http.W3CHttpResponseCodec.decode(W3CHttpResponseCodec.java:122)
at org.openqa.selenium.remote.http.W3CHttpResponseCodec.decode(W3CHttpResponseCodec.java:49)
at org.openqa.selenium.remote.HttpCommandExecutor.execute(HttpCommandExecutor.java:158)
at org.openqa.selenium.remote.service.DriverCommandExecutor.execute(DriverCommandExecutor.java:83)
at org.openqa.selenium.remote.RemoteWebDriver.execute(RemoteWebDriver.java:552)
at org.openqa.selenium.remote.RemoteWebDriver.findElement(RemoteWebDriver.java:323)
at org.openqa.selenium.remote.RemoteWebDriver.findElementById(RemoteWebDriver.java:372)
at org.openqa.selenium.By$ById.findElement(By.java:188)
at org.openqa.selenium.remote.RemoteWebDriver.findElement(RemoteWebDriver.java:315)
at com.orangeHRM.qa.base.BaseVerification.getLeave_id(BaseVerification.java:161)
at com.orangeHRM.qa.base.BaseVerification.navigatingToLeave(BaseVerification.java:235)
at com.orangeHRM.qa.testcases.ApplyLeavePageTest.verifyApplyLeaveNavigationPageNavigation(ApplyLeavePageTest.java:21)
at java.util.ArrayList.forEach(ArrayList.java:1257)
... Removed 29 stack frames]]>
    </failure>
  </testcase> <!-- @BeforeClass verifyApplyLeaveNavigationPageNavigation -->
  <testcase name="@AfterClass close" time="-1.636439206504E9" classname="com.orangeHRM.qa.base.BaseClass">
    <skipped/>
  </testcase> <!-- @AfterClass close -->
  <testcase name="@BeforeClass verifyLeaveTypesPageNavigation" time="0.461" classname="com.orangeHRM.qa.testcases.LeaveTypesPageTest">
    <failure type="org.openqa.selenium.NoSuchElementException" message="no such element: Unable to locate element: {&amp;quot;method&amp;quot;:&amp;quot;css selector&amp;quot;,&amp;quot;selector&amp;quot;:&amp;quot;#menu_leave_viewLeaveModule&amp;quot;}
  (Session info: chrome=95.0.4638.69)
For documentation on this error, please visit: https://www.seleniumhq.org/exceptions/no_such_element.html
Build info: version: &amp;apos;3.141.59&amp;apos;, revision: &amp;apos;e82be7d358&amp;apos;, time: &amp;apos;2018-11-14T08:17:03&amp;apos;
System info: host: &amp;apos;PRUTHVIRAJ&amp;apos;, ip: &amp;apos;192.168.0.123&amp;apos;, os.name: &amp;apos;Windows 10&amp;apos;, os.arch: &amp;apos;amd64&amp;apos;, os.version: &amp;apos;10.0&amp;apos;, java.version: &amp;apos;1.8.0_191&amp;apos;
Driver info: org.openqa.selenium.chrome.ChromeDriver
Capabilities {acceptInsecureCerts: false, browserName: chrome, browserVersion: 95.0.4638.69, chrome: {chromedriverVersion: 95.0.4638.69 (6a1600ed572fe..., userDataDir: C:\Users\pruthvi\AppData\Lo...}, goog:chromeOptions: {debuggerAddress: localhost:57830}, javascriptEnabled: true, networkConnectionEnabled: false, pageLoadStrategy: normal, platform: WINDOWS, platformName: WINDOWS, proxy: Proxy(), setWindowRect: true, strictFileInteractability: false, timeouts: {implicit: 0, pageLoad: 300000, script: 30000}, unhandledPromptBehavior: dismiss and notify, webauthn:extension:credBlob: true, webauthn:extension:largeBlob: true, webauthn:virtualAuthenticators: true}
Session ID: 9a4da81c0ca2ceb77853581c924d5ac6
*** Element info: {Using=id, value=menu_leave_viewLeaveModule}">
      <![CDATA[org.openqa.selenium.NoSuchElementException: no such element: Unable to locate element: {"method":"css selector","selector":"#menu_leave_viewLeaveModule"}
  (Session info: chrome=95.0.4638.69)
For documentation on this error, please visit: https://www.seleniumhq.org/exceptions/no_such_element.html
Build info: version: '3.141.59', revision: 'e82be7d358', time: '2018-11-14T08:17:03'
System info: host: 'PRUTHVIRAJ', ip: '192.168.0.123', os.name: 'Windows 10', os.arch: 'amd64', os.version: '10.0', java.version: '1.8.0_191'
Driver info: org.openqa.selenium.chrome.ChromeDriver
Capabilities {acceptInsecureCerts: false, browserName: chrome, browserVersion: 95.0.4638.69, chrome: {chromedriverVersion: 95.0.4638.69 (6a1600ed572fe..., userDataDir: C:\Users\pruthvi\AppData\Lo...}, goog:chromeOptions: {debuggerAddress: localhost:57830}, javascriptEnabled: true, networkConnectionEnabled: false, pageLoadStrategy: normal, platform: WINDOWS, platformName: WINDOWS, proxy: Proxy(), setWindowRect: true, strictFileInteractability: false, timeouts: {implicit: 0, pageLoad: 300000, script: 30000}, unhandledPromptBehavior: dismiss and notify, webauthn:extension:credBlob: true, webauthn:extension:largeBlob: true, webauthn:virtualAuthenticators: true}
Session ID: 9a4da81c0ca2ceb77853581c924d5ac6
*** Element info: {Using=id, value=menu_leave_viewLeaveModule}
at org.openqa.selenium.remote.http.W3CHttpResponseCodec.createException(W3CHttpResponseCodec.java:187)
at org.openqa.selenium.remote.http.W3CHttpResponseCodec.decode(W3CHttpResponseCodec.java:122)
at org.openqa.selenium.remote.http.W3CHttpResponseCodec.decode(W3CHttpResponseCodec.java:49)
at org.openqa.selenium.remote.HttpCommandExecutor.execute(HttpCommandExecutor.java:158)
at org.openqa.selenium.remote.service.DriverCommandExecutor.execute(DriverCommandExecutor.java:83)
at org.openqa.selenium.remote.RemoteWebDriver.execute(RemoteWebDriver.java:552)
at org.openqa.selenium.remote.RemoteWebDriver.findElement(RemoteWebDriver.java:323)
at org.openqa.selenium.remote.RemoteWebDriver.findElementById(RemoteWebDriver.java:372)
at org.openqa.selenium.By$ById.findElement(By.java:188)
at org.openqa.selenium.remote.RemoteWebDriver.findElement(RemoteWebDriver.java:315)
at com.orangeHRM.qa.base.BaseVerification.getLeave_id(BaseVerification.java:161)
at com.orangeHRM.qa.base.BaseVerification.navigatingToLeave(BaseVerification.java:235)
at com.orangeHRM.qa.testcases.LeaveTypesPageTest.verifyLeaveTypesPageNavigation(LeaveTypesPageTest.java:22)
at java.util.ArrayList.forEach(ArrayList.java:1257)
... Removed 29 stack frames]]>
    </failure>
  </testcase> <!-- @BeforeClass verifyLeaveTypesPageNavigation -->
  <testcase name="@AfterClass close" time="-1.636439207247E9" classname="com.orangeHRM.qa.base.BaseClass">
    <skipped/>
  </testcase> <!-- @AfterClass close -->
  <testcase name="@BeforeClass verifyJobTitlesPageNavigation" time="0.47" classname="com.orangeHRM.qa.testcases.JobTitlesPageTest">
    <failure type="org.openqa.selenium.NoSuchElementException" message="no such element: Unable to locate element: {&amp;quot;method&amp;quot;:&amp;quot;css selector&amp;quot;,&amp;quot;selector&amp;quot;:&amp;quot;#menu_admin_viewAdminModule&amp;quot;}
  (Session info: chrome=95.0.4638.69)
For documentation on this error, please visit: https://www.seleniumhq.org/exceptions/no_such_element.html
Build info: version: &amp;apos;3.141.59&amp;apos;, revision: &amp;apos;e82be7d358&amp;apos;, time: &amp;apos;2018-11-14T08:17:03&amp;apos;
System info: host: &amp;apos;PRUTHVIRAJ&amp;apos;, ip: &amp;apos;192.168.0.123&amp;apos;, os.name: &amp;apos;Windows 10&amp;apos;, os.arch: &amp;apos;amd64&amp;apos;, os.version: &amp;apos;10.0&amp;apos;, java.version: &amp;apos;1.8.0_191&amp;apos;
Driver info: org.openqa.selenium.chrome.ChromeDriver
Capabilities {acceptInsecureCerts: false, browserName: chrome, browserVersion: 95.0.4638.69, chrome: {chromedriverVersion: 95.0.4638.69 (6a1600ed572fe..., userDataDir: C:\Users\pruthvi\AppData\Lo...}, goog:chromeOptions: {debuggerAddress: localhost:57830}, javascriptEnabled: true, networkConnectionEnabled: false, pageLoadStrategy: normal, platform: WINDOWS, platformName: WINDOWS, proxy: Proxy(), setWindowRect: true, strictFileInteractability: false, timeouts: {implicit: 0, pageLoad: 300000, script: 30000}, unhandledPromptBehavior: dismiss and notify, webauthn:extension:credBlob: true, webauthn:extension:largeBlob: true, webauthn:virtualAuthenticators: true}
Session ID: 9a4da81c0ca2ceb77853581c924d5ac6
*** Element info: {Using=id, value=menu_admin_viewAdminModule}">
      <![CDATA[org.openqa.selenium.NoSuchElementException: no such element: Unable to locate element: {"method":"css selector","selector":"#menu_admin_viewAdminModule"}
  (Session info: chrome=95.0.4638.69)
For documentation on this error, please visit: https://www.seleniumhq.org/exceptions/no_such_element.html
Build info: version: '3.141.59', revision: 'e82be7d358', time: '2018-11-14T08:17:03'
System info: host: 'PRUTHVIRAJ', ip: '192.168.0.123', os.name: 'Windows 10', os.arch: 'amd64', os.version: '10.0', java.version: '1.8.0_191'
Driver info: org.openqa.selenium.chrome.ChromeDriver
Capabilities {acceptInsecureCerts: false, browserName: chrome, browserVersion: 95.0.4638.69, chrome: {chromedriverVersion: 95.0.4638.69 (6a1600ed572fe..., userDataDir: C:\Users\pruthvi\AppData\Lo...}, goog:chromeOptions: {debuggerAddress: localhost:57830}, javascriptEnabled: true, networkConnectionEnabled: false, pageLoadStrategy: normal, platform: WINDOWS, platformName: WINDOWS, proxy: Proxy(), setWindowRect: true, strictFileInteractability: false, timeouts: {implicit: 0, pageLoad: 300000, script: 30000}, unhandledPromptBehavior: dismiss and notify, webauthn:extension:credBlob: true, webauthn:extension:largeBlob: true, webauthn:virtualAuthenticators: true}
Session ID: 9a4da81c0ca2ceb77853581c924d5ac6
*** Element info: {Using=id, value=menu_admin_viewAdminModule}
at org.openqa.selenium.remote.http.W3CHttpResponseCodec.createException(W3CHttpResponseCodec.java:187)
at org.openqa.selenium.remote.http.W3CHttpResponseCodec.decode(W3CHttpResponseCodec.java:122)
at org.openqa.selenium.remote.http.W3CHttpResponseCodec.decode(W3CHttpResponseCodec.java:49)
at org.openqa.selenium.remote.HttpCommandExecutor.execute(HttpCommandExecutor.java:158)
at org.openqa.selenium.remote.service.DriverCommandExecutor.execute(DriverCommandExecutor.java:83)
at org.openqa.selenium.remote.RemoteWebDriver.execute(RemoteWebDriver.java:552)
at org.openqa.selenium.remote.RemoteWebDriver.findElement(RemoteWebDriver.java:323)
at org.openqa.selenium.remote.RemoteWebDriver.findElementById(RemoteWebDriver.java:372)
at org.openqa.selenium.By$ById.findElement(By.java:188)
at org.openqa.selenium.remote.RemoteWebDriver.findElement(RemoteWebDriver.java:315)
at com.orangeHRM.qa.base.BaseVerification.getAdmin_id(BaseVerification.java:151)
at com.orangeHRM.qa.base.BaseVerification.navigatingToAdmin(BaseVerification.java:223)
at com.orangeHRM.qa.testcases.JobTitlesPageTest.verifyJobTitlesPageNavigation(JobTitlesPageTest.java:23)
at java.util.ArrayList.forEach(ArrayList.java:1257)
... Removed 29 stack frames]]>
    </failure>
  </testcase> <!-- @BeforeClass verifyJobTitlesPageNavigation -->
  <testcase name="@AfterClass close" time="-1.636439208011E9" classname="com.orangeHRM.qa.base.BaseClass">
    <skipped/>
  </testcase> <!-- @AfterClass close -->
  <testcase name="@BeforeClass verifyLanguagePackagesPageNavigation" time="0.814" classname="com.orangeHRM.qa.testcases.LanguagePackagesPageTest">
    <failure type="org.openqa.selenium.NoSuchElementException" message="no such element: Unable to locate element: {&amp;quot;method&amp;quot;:&amp;quot;css selector&amp;quot;,&amp;quot;selector&amp;quot;:&amp;quot;#menu_admin_viewAdminModule&amp;quot;}
  (Session info: chrome=95.0.4638.69)
For documentation on this error, please visit: https://www.seleniumhq.org/exceptions/no_such_element.html
Build info: version: &amp;apos;3.141.59&amp;apos;, revision: &amp;apos;e82be7d358&amp;apos;, time: &amp;apos;2018-11-14T08:17:03&amp;apos;
System info: host: &amp;apos;PRUTHVIRAJ&amp;apos;, ip: &amp;apos;192.168.0.123&amp;apos;, os.name: &amp;apos;Windows 10&amp;apos;, os.arch: &amp;apos;amd64&amp;apos;, os.version: &amp;apos;10.0&amp;apos;, java.version: &amp;apos;1.8.0_191&amp;apos;
Driver info: org.openqa.selenium.chrome.ChromeDriver
Capabilities {acceptInsecureCerts: false, browserName: chrome, browserVersion: 95.0.4638.69, chrome: {chromedriverVersion: 95.0.4638.69 (6a1600ed572fe..., userDataDir: C:\Users\pruthvi\AppData\Lo...}, goog:chromeOptions: {debuggerAddress: localhost:57830}, javascriptEnabled: true, networkConnectionEnabled: false, pageLoadStrategy: normal, platform: WINDOWS, platformName: WINDOWS, proxy: Proxy(), setWindowRect: true, strictFileInteractability: false, timeouts: {implicit: 0, pageLoad: 300000, script: 30000}, unhandledPromptBehavior: dismiss and notify, webauthn:extension:credBlob: true, webauthn:extension:largeBlob: true, webauthn:virtualAuthenticators: true}
Session ID: 9a4da81c0ca2ceb77853581c924d5ac6
*** Element info: {Using=id, value=menu_admin_viewAdminModule}">
      <![CDATA[org.openqa.selenium.NoSuchElementException: no such element: Unable to locate element: {"method":"css selector","selector":"#menu_admin_viewAdminModule"}
  (Session info: chrome=95.0.4638.69)
For documentation on this error, please visit: https://www.seleniumhq.org/exceptions/no_such_element.html
Build info: version: '3.141.59', revision: 'e82be7d358', time: '2018-11-14T08:17:03'
System info: host: 'PRUTHVIRAJ', ip: '192.168.0.123', os.name: 'Windows 10', os.arch: 'amd64', os.version: '10.0', java.version: '1.8.0_191'
Driver info: org.openqa.selenium.chrome.ChromeDriver
Capabilities {acceptInsecureCerts: false, browserName: chrome, browserVersion: 95.0.4638.69, chrome: {chromedriverVersion: 95.0.4638.69 (6a1600ed572fe..., userDataDir: C:\Users\pruthvi\AppData\Lo...}, goog:chromeOptions: {debuggerAddress: localhost:57830}, javascriptEnabled: true, networkConnectionEnabled: false, pageLoadStrategy: normal, platform: WINDOWS, platformName: WINDOWS, proxy: Proxy(), setWindowRect: true, strictFileInteractability: false, timeouts: {implicit: 0, pageLoad: 300000, script: 30000}, unhandledPromptBehavior: dismiss and notify, webauthn:extension:credBlob: true, webauthn:extension:largeBlob: true, webauthn:virtualAuthenticators: true}
Session ID: 9a4da81c0ca2ceb77853581c924d5ac6
*** Element info: {Using=id, value=menu_admin_viewAdminModule}
at org.openqa.selenium.remote.http.W3CHttpResponseCodec.createException(W3CHttpResponseCodec.java:187)
at org.openqa.selenium.remote.http.W3CHttpResponseCodec.decode(W3CHttpResponseCodec.java:122)
at org.openqa.selenium.remote.http.W3CHttpResponseCodec.decode(W3CHttpResponseCodec.java:49)
at org.openqa.selenium.remote.HttpCommandExecutor.execute(HttpCommandExecutor.java:158)
at org.openqa.selenium.remote.service.DriverCommandExecutor.execute(DriverCommandExecutor.java:83)
at org.openqa.selenium.remote.RemoteWebDriver.execute(RemoteWebDriver.java:552)
at org.openqa.selenium.remote.RemoteWebDriver.findElement(RemoteWebDriver.java:323)
at org.openqa.selenium.remote.RemoteWebDriver.findElementById(RemoteWebDriver.java:372)
at org.openqa.selenium.By$ById.findElement(By.java:188)
at org.openqa.selenium.remote.RemoteWebDriver.findElement(RemoteWebDriver.java:315)
at com.orangeHRM.qa.base.BaseVerification.getAdmin_id(BaseVerification.java:151)
at com.orangeHRM.qa.base.BaseVerification.navigatingToAdmin(BaseVerification.java:223)
at com.orangeHRM.qa.testcases.LanguagePackagesPageTest.verifyLanguagePackagesPageNavigation(LanguagePackagesPageTest.java:22)
at java.util.ArrayList.forEach(ArrayList.java:1257)
... Removed 29 stack frames]]>
    </failure>
  </testcase> <!-- @BeforeClass verifyLanguagePackagesPageNavigation -->
  <testcase name="@AfterClass close" time="-1.636439209178E9" classname="com.orangeHRM.qa.base.BaseClass">
    <skipped/>
  </testcase> <!-- @AfterClass close -->
  <testcase name="@BeforeClass verifyConfigurationPIMPageNavigation" time="0.55" classname="com.orangeHRM.qa.testcases.ConfigurationPIMPageTest">
    <failure type="org.openqa.selenium.NoSuchElementException" message="no such element: Unable to locate element: {&amp;quot;method&amp;quot;:&amp;quot;css selector&amp;quot;,&amp;quot;selector&amp;quot;:&amp;quot;#menu_pim_viewPimModule&amp;quot;}
  (Session info: chrome=95.0.4638.69)
For documentation on this error, please visit: https://www.seleniumhq.org/exceptions/no_such_element.html
Build info: version: &amp;apos;3.141.59&amp;apos;, revision: &amp;apos;e82be7d358&amp;apos;, time: &amp;apos;2018-11-14T08:17:03&amp;apos;
System info: host: &amp;apos;PRUTHVIRAJ&amp;apos;, ip: &amp;apos;192.168.0.123&amp;apos;, os.name: &amp;apos;Windows 10&amp;apos;, os.arch: &amp;apos;amd64&amp;apos;, os.version: &amp;apos;10.0&amp;apos;, java.version: &amp;apos;1.8.0_191&amp;apos;
Driver info: org.openqa.selenium.chrome.ChromeDriver
Capabilities {acceptInsecureCerts: false, browserName: chrome, browserVersion: 95.0.4638.69, chrome: {chromedriverVersion: 95.0.4638.69 (6a1600ed572fe..., userDataDir: C:\Users\pruthvi\AppData\Lo...}, goog:chromeOptions: {debuggerAddress: localhost:57830}, javascriptEnabled: true, networkConnectionEnabled: false, pageLoadStrategy: normal, platform: WINDOWS, platformName: WINDOWS, proxy: Proxy(), setWindowRect: true, strictFileInteractability: false, timeouts: {implicit: 0, pageLoad: 300000, script: 30000}, unhandledPromptBehavior: dismiss and notify, webauthn:extension:credBlob: true, webauthn:extension:largeBlob: true, webauthn:virtualAuthenticators: true}
Session ID: 9a4da81c0ca2ceb77853581c924d5ac6
*** Element info: {Using=id, value=menu_pim_viewPimModule}">
      <![CDATA[org.openqa.selenium.NoSuchElementException: no such element: Unable to locate element: {"method":"css selector","selector":"#menu_pim_viewPimModule"}
  (Session info: chrome=95.0.4638.69)
For documentation on this error, please visit: https://www.seleniumhq.org/exceptions/no_such_element.html
Build info: version: '3.141.59', revision: 'e82be7d358', time: '2018-11-14T08:17:03'
System info: host: 'PRUTHVIRAJ', ip: '192.168.0.123', os.name: 'Windows 10', os.arch: 'amd64', os.version: '10.0', java.version: '1.8.0_191'
Driver info: org.openqa.selenium.chrome.ChromeDriver
Capabilities {acceptInsecureCerts: false, browserName: chrome, browserVersion: 95.0.4638.69, chrome: {chromedriverVersion: 95.0.4638.69 (6a1600ed572fe..., userDataDir: C:\Users\pruthvi\AppData\Lo...}, goog:chromeOptions: {debuggerAddress: localhost:57830}, javascriptEnabled: true, networkConnectionEnabled: false, pageLoadStrategy: normal, platform: WINDOWS, platformName: WINDOWS, proxy: Proxy(), setWindowRect: true, strictFileInteractability: false, timeouts: {implicit: 0, pageLoad: 300000, script: 30000}, unhandledPromptBehavior: dismiss and notify, webauthn:extension:credBlob: true, webauthn:extension:largeBlob: true, webauthn:virtualAuthenticators: true}
Session ID: 9a4da81c0ca2ceb77853581c924d5ac6
*** Element info: {Using=id, value=menu_pim_viewPimModule}
at org.openqa.selenium.remote.http.W3CHttpResponseCodec.createException(W3CHttpResponseCodec.java:187)
at org.openqa.selenium.remote.http.W3CHttpResponseCodec.decode(W3CHttpResponseCodec.java:122)
at org.openqa.selenium.remote.http.W3CHttpResponseCodec.decode(W3CHttpResponseCodec.java:49)
at org.openqa.selenium.remote.HttpCommandExecutor.execute(HttpCommandExecutor.java:158)
at org.openqa.selenium.remote.service.DriverCommandExecutor.execute(DriverCommandExecutor.java:83)
at org.openqa.selenium.remote.RemoteWebDriver.execute(RemoteWebDriver.java:552)
at org.openqa.selenium.remote.RemoteWebDriver.findElement(RemoteWebDriver.java:323)
at org.openqa.selenium.remote.RemoteWebDriver.findElementById(RemoteWebDriver.java:372)
at org.openqa.selenium.By$ById.findElement(By.java:188)
at org.openqa.selenium.remote.RemoteWebDriver.findElement(RemoteWebDriver.java:315)
at com.orangeHRM.qa.base.BaseVerification.getPIM_id(BaseVerification.java:156)
at com.orangeHRM.qa.base.BaseVerification.navigatingToPIM(BaseVerification.java:229)
at com.orangeHRM.qa.testcases.ConfigurationPIMPageTest.verifyConfigurationPIMPageNavigation(ConfigurationPIMPageTest.java:23)
at java.util.ArrayList.forEach(ArrayList.java:1257)
... Removed 29 stack frames]]>
    </failure>
  </testcase> <!-- @BeforeClass verifyConfigurationPIMPageNavigation -->
  <testcase name="@AfterClass close" time="-1.63643921017E9" classname="com.orangeHRM.qa.base.BaseClass">
    <skipped/>
  </testcase> <!-- @AfterClass close -->
  <testcase name="@BeforeClass verifyBuzzPageNavigation" time="0.53" classname="com.orangeHRM.qa.testcases.BuzzPageTest">
    <failure type="org.openqa.selenium.NoSuchElementException" message="no such element: Unable to locate element: {&amp;quot;method&amp;quot;:&amp;quot;css selector&amp;quot;,&amp;quot;selector&amp;quot;:&amp;quot;#menu_buzz_viewBuzz&amp;quot;}
  (Session info: chrome=95.0.4638.69)
For documentation on this error, please visit: https://www.seleniumhq.org/exceptions/no_such_element.html
Build info: version: &amp;apos;3.141.59&amp;apos;, revision: &amp;apos;e82be7d358&amp;apos;, time: &amp;apos;2018-11-14T08:17:03&amp;apos;
System info: host: &amp;apos;PRUTHVIRAJ&amp;apos;, ip: &amp;apos;192.168.0.123&amp;apos;, os.name: &amp;apos;Windows 10&amp;apos;, os.arch: &amp;apos;amd64&amp;apos;, os.version: &amp;apos;10.0&amp;apos;, java.version: &amp;apos;1.8.0_191&amp;apos;
Driver info: org.openqa.selenium.chrome.ChromeDriver
Capabilities {acceptInsecureCerts: false, browserName: chrome, browserVersion: 95.0.4638.69, chrome: {chromedriverVersion: 95.0.4638.69 (6a1600ed572fe..., userDataDir: C:\Users\pruthvi\AppData\Lo...}, goog:chromeOptions: {debuggerAddress: localhost:57830}, javascriptEnabled: true, networkConnectionEnabled: false, pageLoadStrategy: normal, platform: WINDOWS, platformName: WINDOWS, proxy: Proxy(), setWindowRect: true, strictFileInteractability: false, timeouts: {implicit: 0, pageLoad: 300000, script: 30000}, unhandledPromptBehavior: dismiss and notify, webauthn:extension:credBlob: true, webauthn:extension:largeBlob: true, webauthn:virtualAuthenticators: true}
Session ID: 9a4da81c0ca2ceb77853581c924d5ac6
*** Element info: {Using=id, value=menu_buzz_viewBuzz}">
      <![CDATA[org.openqa.selenium.NoSuchElementException: no such element: Unable to locate element: {"method":"css selector","selector":"#menu_buzz_viewBuzz"}
  (Session info: chrome=95.0.4638.69)
For documentation on this error, please visit: https://www.seleniumhq.org/exceptions/no_such_element.html
Build info: version: '3.141.59', revision: 'e82be7d358', time: '2018-11-14T08:17:03'
System info: host: 'PRUTHVIRAJ', ip: '192.168.0.123', os.name: 'Windows 10', os.arch: 'amd64', os.version: '10.0', java.version: '1.8.0_191'
Driver info: org.openqa.selenium.chrome.ChromeDriver
Capabilities {acceptInsecureCerts: false, browserName: chrome, browserVersion: 95.0.4638.69, chrome: {chromedriverVersion: 95.0.4638.69 (6a1600ed572fe..., userDataDir: C:\Users\pruthvi\AppData\Lo...}, goog:chromeOptions: {debuggerAddress: localhost:57830}, javascriptEnabled: true, networkConnectionEnabled: false, pageLoadStrategy: normal, platform: WINDOWS, platformName: WINDOWS, proxy: Proxy(), setWindowRect: true, strictFileInteractability: false, timeouts: {implicit: 0, pageLoad: 300000, script: 30000}, unhandledPromptBehavior: dismiss and notify, webauthn:extension:credBlob: true, webauthn:extension:largeBlob: true, webauthn:virtualAuthenticators: true}
Session ID: 9a4da81c0ca2ceb77853581c924d5ac6
*** Element info: {Using=id, value=menu_buzz_viewBuzz}
at org.openqa.selenium.remote.http.W3CHttpResponseCodec.createException(W3CHttpResponseCodec.java:187)
at org.openqa.selenium.remote.http.W3CHttpResponseCodec.decode(W3CHttpResponseCodec.java:122)
at org.openqa.selenium.remote.http.W3CHttpResponseCodec.decode(W3CHttpResponseCodec.java:49)
at org.openqa.selenium.remote.HttpCommandExecutor.execute(HttpCommandExecutor.java:158)
at org.openqa.selenium.remote.service.DriverCommandExecutor.execute(DriverCommandExecutor.java:83)
at org.openqa.selenium.remote.RemoteWebDriver.execute(RemoteWebDriver.java:552)
at org.openqa.selenium.remote.RemoteWebDriver.findElement(RemoteWebDriver.java:323)
at org.openqa.selenium.remote.RemoteWebDriver.findElementById(RemoteWebDriver.java:372)
at org.openqa.selenium.By$ById.findElement(By.java:188)
at org.openqa.selenium.remote.RemoteWebDriver.findElement(RemoteWebDriver.java:315)
at com.orangeHRM.qa.base.BaseVerification.getBuzz_id(BaseVerification.java:201)
at com.orangeHRM.qa.base.BaseVerification.navigatingToBuzz(BaseVerification.java:282)
at com.orangeHRM.qa.testcases.BuzzPageTest.verifyBuzzPageNavigation(BuzzPageTest.java:20)
at java.util.ArrayList.forEach(ArrayList.java:1257)
... Removed 29 stack frames]]>
    </failure>
  </testcase> <!-- @BeforeClass verifyBuzzPageNavigation -->
  <testcase name="@AfterClass close" time="-1.636439210934E9" classname="com.orangeHRM.qa.base.BaseClass">
    <skipped/>
  </testcase> <!-- @AfterClass close -->
  <testcase name="@BeforeClass verifyDirectoryPageNavigation" time="0.47" classname="com.orangeHRM.qa.testcases.DirectoryPageTest">
    <failure type="org.openqa.selenium.NoSuchElementException" message="no such element: Unable to locate element: {&amp;quot;method&amp;quot;:&amp;quot;css selector&amp;quot;,&amp;quot;selector&amp;quot;:&amp;quot;#menu_directory_viewDirectory&amp;quot;}
  (Session info: chrome=95.0.4638.69)
For documentation on this error, please visit: https://www.seleniumhq.org/exceptions/no_such_element.html
Build info: version: &amp;apos;3.141.59&amp;apos;, revision: &amp;apos;e82be7d358&amp;apos;, time: &amp;apos;2018-11-14T08:17:03&amp;apos;
System info: host: &amp;apos;PRUTHVIRAJ&amp;apos;, ip: &amp;apos;192.168.0.123&amp;apos;, os.name: &amp;apos;Windows 10&amp;apos;, os.arch: &amp;apos;amd64&amp;apos;, os.version: &amp;apos;10.0&amp;apos;, java.version: &amp;apos;1.8.0_191&amp;apos;
Driver info: org.openqa.selenium.chrome.ChromeDriver
Capabilities {acceptInsecureCerts: false, browserName: chrome, browserVersion: 95.0.4638.69, chrome: {chromedriverVersion: 95.0.4638.69 (6a1600ed572fe..., userDataDir: C:\Users\pruthvi\AppData\Lo...}, goog:chromeOptions: {debuggerAddress: localhost:57830}, javascriptEnabled: true, networkConnectionEnabled: false, pageLoadStrategy: normal, platform: WINDOWS, platformName: WINDOWS, proxy: Proxy(), setWindowRect: true, strictFileInteractability: false, timeouts: {implicit: 0, pageLoad: 300000, script: 30000}, unhandledPromptBehavior: dismiss and notify, webauthn:extension:credBlob: true, webauthn:extension:largeBlob: true, webauthn:virtualAuthenticators: true}
Session ID: 9a4da81c0ca2ceb77853581c924d5ac6
*** Element info: {Using=id, value=menu_directory_viewDirectory}">
      <![CDATA[org.openqa.selenium.NoSuchElementException: no such element: Unable to locate element: {"method":"css selector","selector":"#menu_directory_viewDirectory"}
  (Session info: chrome=95.0.4638.69)
For documentation on this error, please visit: https://www.seleniumhq.org/exceptions/no_such_element.html
Build info: version: '3.141.59', revision: 'e82be7d358', time: '2018-11-14T08:17:03'
System info: host: 'PRUTHVIRAJ', ip: '192.168.0.123', os.name: 'Windows 10', os.arch: 'amd64', os.version: '10.0', java.version: '1.8.0_191'
Driver info: org.openqa.selenium.chrome.ChromeDriver
Capabilities {acceptInsecureCerts: false, browserName: chrome, browserVersion: 95.0.4638.69, chrome: {chromedriverVersion: 95.0.4638.69 (6a1600ed572fe..., userDataDir: C:\Users\pruthvi\AppData\Lo...}, goog:chromeOptions: {debuggerAddress: localhost:57830}, javascriptEnabled: true, networkConnectionEnabled: false, pageLoadStrategy: normal, platform: WINDOWS, platformName: WINDOWS, proxy: Proxy(), setWindowRect: true, strictFileInteractability: false, timeouts: {implicit: 0, pageLoad: 300000, script: 30000}, unhandledPromptBehavior: dismiss and notify, webauthn:extension:credBlob: true, webauthn:extension:largeBlob: true, webauthn:virtualAuthenticators: true}
Session ID: 9a4da81c0ca2ceb77853581c924d5ac6
*** Element info: {Using=id, value=menu_directory_viewDirectory}
at org.openqa.selenium.remote.http.W3CHttpResponseCodec.createException(W3CHttpResponseCodec.java:187)
at org.openqa.selenium.remote.http.W3CHttpResponseCodec.decode(W3CHttpResponseCodec.java:122)
at org.openqa.selenium.remote.http.W3CHttpResponseCodec.decode(W3CHttpResponseCodec.java:49)
at org.openqa.selenium.remote.HttpCommandExecutor.execute(HttpCommandExecutor.java:158)
at org.openqa.selenium.remote.service.DriverCommandExecutor.execute(DriverCommandExecutor.java:83)
at org.openqa.selenium.remote.RemoteWebDriver.execute(RemoteWebDriver.java:552)
at org.openqa.selenium.remote.RemoteWebDriver.findElement(RemoteWebDriver.java:323)
at org.openqa.selenium.remote.RemoteWebDriver.findElementById(RemoteWebDriver.java:372)
at org.openqa.selenium.By$ById.findElement(By.java:188)
at org.openqa.selenium.remote.RemoteWebDriver.findElement(RemoteWebDriver.java:315)
at com.orangeHRM.qa.base.BaseVerification.getDirectory_id(BaseVerification.java:191)
at com.orangeHRM.qa.base.BaseVerification.navigatingToDirectory(BaseVerification.java:270)
at com.orangeHRM.qa.testcases.DirectoryPageTest.verifyDirectoryPageNavigation(DirectoryPageTest.java:20)
at java.util.ArrayList.forEach(ArrayList.java:1257)
... Removed 29 stack frames]]>
    </failure>
  </testcase> <!-- @BeforeClass verifyDirectoryPageNavigation -->
  <testcase name="@AfterClass close" time="-1.636439211622E9" classname="com.orangeHRM.qa.base.BaseClass">
    <skipped/>
  </testcase> <!-- @AfterClass close -->
  <testcase name="@BeforeClass verifyStructurePageNavigation" time="0.489" classname="com.orangeHRM.qa.testcases.StructurePageTest">
    <failure type="org.openqa.selenium.NoSuchElementException" message="no such element: Unable to locate element: {&amp;quot;method&amp;quot;:&amp;quot;css selector&amp;quot;,&amp;quot;selector&amp;quot;:&amp;quot;#menu_admin_viewAdminModule&amp;quot;}
  (Session info: chrome=95.0.4638.69)
For documentation on this error, please visit: https://www.seleniumhq.org/exceptions/no_such_element.html
Build info: version: &amp;apos;3.141.59&amp;apos;, revision: &amp;apos;e82be7d358&amp;apos;, time: &amp;apos;2018-11-14T08:17:03&amp;apos;
System info: host: &amp;apos;PRUTHVIRAJ&amp;apos;, ip: &amp;apos;192.168.0.123&amp;apos;, os.name: &amp;apos;Windows 10&amp;apos;, os.arch: &amp;apos;amd64&amp;apos;, os.version: &amp;apos;10.0&amp;apos;, java.version: &amp;apos;1.8.0_191&amp;apos;
Driver info: org.openqa.selenium.chrome.ChromeDriver
Capabilities {acceptInsecureCerts: false, browserName: chrome, browserVersion: 95.0.4638.69, chrome: {chromedriverVersion: 95.0.4638.69 (6a1600ed572fe..., userDataDir: C:\Users\pruthvi\AppData\Lo...}, goog:chromeOptions: {debuggerAddress: localhost:57830}, javascriptEnabled: true, networkConnectionEnabled: false, pageLoadStrategy: normal, platform: WINDOWS, platformName: WINDOWS, proxy: Proxy(), setWindowRect: true, strictFileInteractability: false, timeouts: {implicit: 0, pageLoad: 300000, script: 30000}, unhandledPromptBehavior: dismiss and notify, webauthn:extension:credBlob: true, webauthn:extension:largeBlob: true, webauthn:virtualAuthenticators: true}
Session ID: 9a4da81c0ca2ceb77853581c924d5ac6
*** Element info: {Using=id, value=menu_admin_viewAdminModule}">
      <![CDATA[org.openqa.selenium.NoSuchElementException: no such element: Unable to locate element: {"method":"css selector","selector":"#menu_admin_viewAdminModule"}
  (Session info: chrome=95.0.4638.69)
For documentation on this error, please visit: https://www.seleniumhq.org/exceptions/no_such_element.html
Build info: version: '3.141.59', revision: 'e82be7d358', time: '2018-11-14T08:17:03'
System info: host: 'PRUTHVIRAJ', ip: '192.168.0.123', os.name: 'Windows 10', os.arch: 'amd64', os.version: '10.0', java.version: '1.8.0_191'
Driver info: org.openqa.selenium.chrome.ChromeDriver
Capabilities {acceptInsecureCerts: false, browserName: chrome, browserVersion: 95.0.4638.69, chrome: {chromedriverVersion: 95.0.4638.69 (6a1600ed572fe..., userDataDir: C:\Users\pruthvi\AppData\Lo...}, goog:chromeOptions: {debuggerAddress: localhost:57830}, javascriptEnabled: true, networkConnectionEnabled: false, pageLoadStrategy: normal, platform: WINDOWS, platformName: WINDOWS, proxy: Proxy(), setWindowRect: true, strictFileInteractability: false, timeouts: {implicit: 0, pageLoad: 300000, script: 30000}, unhandledPromptBehavior: dismiss and notify, webauthn:extension:credBlob: true, webauthn:extension:largeBlob: true, webauthn:virtualAuthenticators: true}
Session ID: 9a4da81c0ca2ceb77853581c924d5ac6
*** Element info: {Using=id, value=menu_admin_viewAdminModule}
at org.openqa.selenium.remote.http.W3CHttpResponseCodec.createException(W3CHttpResponseCodec.java:187)
at org.openqa.selenium.remote.http.W3CHttpResponseCodec.decode(W3CHttpResponseCodec.java:122)
at org.openqa.selenium.remote.http.W3CHttpResponseCodec.decode(W3CHttpResponseCodec.java:49)
at org.openqa.selenium.remote.HttpCommandExecutor.execute(HttpCommandExecutor.java:158)
at org.openqa.selenium.remote.service.DriverCommandExecutor.execute(DriverCommandExecutor.java:83)
at org.openqa.selenium.remote.RemoteWebDriver.execute(RemoteWebDriver.java:552)
at org.openqa.selenium.remote.RemoteWebDriver.findElement(RemoteWebDriver.java:323)
at org.openqa.selenium.remote.RemoteWebDriver.findElementById(RemoteWebDriver.java:372)
at org.openqa.selenium.By$ById.findElement(By.java:188)
at org.openqa.selenium.remote.RemoteWebDriver.findElement(RemoteWebDriver.java:315)
at com.orangeHRM.qa.base.BaseVerification.getAdmin_id(BaseVerification.java:151)
at com.orangeHRM.qa.base.BaseVerification.navigatingToAdmin(BaseVerification.java:223)
at com.orangeHRM.qa.testcases.StructurePageTest.verifyStructurePageNavigation(StructurePageTest.java:22)
at java.util.ArrayList.forEach(ArrayList.java:1257)
... Removed 29 stack frames]]>
    </failure>
  </testcase> <!-- @BeforeClass verifyStructurePageNavigation -->
  <testcase name="@AfterClass close" time="-1.636439212527E9" classname="com.orangeHRM.qa.base.BaseClass">
    <skipped/>
  </testcase> <!-- @AfterClass close -->
  <testcase name="@BeforeClass verifyConfigurationAdminPageNavigation" time="0.493" classname="com.orangeHRM.qa.testcases.ConfigurationAdminPageTest">
    <failure type="org.openqa.selenium.NoSuchElementException" message="no such element: Unable to locate element: {&amp;quot;method&amp;quot;:&amp;quot;css selector&amp;quot;,&amp;quot;selector&amp;quot;:&amp;quot;#menu_admin_viewAdminModule&amp;quot;}
  (Session info: chrome=95.0.4638.69)
For documentation on this error, please visit: https://www.seleniumhq.org/exceptions/no_such_element.html
Build info: version: &amp;apos;3.141.59&amp;apos;, revision: &amp;apos;e82be7d358&amp;apos;, time: &amp;apos;2018-11-14T08:17:03&amp;apos;
System info: host: &amp;apos;PRUTHVIRAJ&amp;apos;, ip: &amp;apos;192.168.0.123&amp;apos;, os.name: &amp;apos;Windows 10&amp;apos;, os.arch: &amp;apos;amd64&amp;apos;, os.version: &amp;apos;10.0&amp;apos;, java.version: &amp;apos;1.8.0_191&amp;apos;
Driver info: org.openqa.selenium.chrome.ChromeDriver
Capabilities {acceptInsecureCerts: false, browserName: chrome, browserVersion: 95.0.4638.69, chrome: {chromedriverVersion: 95.0.4638.69 (6a1600ed572fe..., userDataDir: C:\Users\pruthvi\AppData\Lo...}, goog:chromeOptions: {debuggerAddress: localhost:57830}, javascriptEnabled: true, networkConnectionEnabled: false, pageLoadStrategy: normal, platform: WINDOWS, platformName: WINDOWS, proxy: Proxy(), setWindowRect: true, strictFileInteractability: false, timeouts: {implicit: 0, pageLoad: 300000, script: 30000}, unhandledPromptBehavior: dismiss and notify, webauthn:extension:credBlob: true, webauthn:extension:largeBlob: true, webauthn:virtualAuthenticators: true}
Session ID: 9a4da81c0ca2ceb77853581c924d5ac6
*** Element info: {Using=id, value=menu_admin_viewAdminModule}">
      <![CDATA[org.openqa.selenium.NoSuchElementException: no such element: Unable to locate element: {"method":"css selector","selector":"#menu_admin_viewAdminModule"}
  (Session info: chrome=95.0.4638.69)
For documentation on this error, please visit: https://www.seleniumhq.org/exceptions/no_such_element.html
Build info: version: '3.141.59', revision: 'e82be7d358', time: '2018-11-14T08:17:03'
System info: host: 'PRUTHVIRAJ', ip: '192.168.0.123', os.name: 'Windows 10', os.arch: 'amd64', os.version: '10.0', java.version: '1.8.0_191'
Driver info: org.openqa.selenium.chrome.ChromeDriver
Capabilities {acceptInsecureCerts: false, browserName: chrome, browserVersion: 95.0.4638.69, chrome: {chromedriverVersion: 95.0.4638.69 (6a1600ed572fe..., userDataDir: C:\Users\pruthvi\AppData\Lo...}, goog:chromeOptions: {debuggerAddress: localhost:57830}, javascriptEnabled: true, networkConnectionEnabled: false, pageLoadStrategy: normal, platform: WINDOWS, platformName: WINDOWS, proxy: Proxy(), setWindowRect: true, strictFileInteractability: false, timeouts: {implicit: 0, pageLoad: 300000, script: 30000}, unhandledPromptBehavior: dismiss and notify, webauthn:extension:credBlob: true, webauthn:extension:largeBlob: true, webauthn:virtualAuthenticators: true}
Session ID: 9a4da81c0ca2ceb77853581c924d5ac6
*** Element info: {Using=id, value=menu_admin_viewAdminModule}
at org.openqa.selenium.remote.http.W3CHttpResponseCodec.createException(W3CHttpResponseCodec.java:187)
at org.openqa.selenium.remote.http.W3CHttpResponseCodec.decode(W3CHttpResponseCodec.java:122)
at org.openqa.selenium.remote.http.W3CHttpResponseCodec.decode(W3CHttpResponseCodec.java:49)
at org.openqa.selenium.remote.HttpCommandExecutor.execute(HttpCommandExecutor.java:158)
at org.openqa.selenium.remote.service.DriverCommandExecutor.execute(DriverCommandExecutor.java:83)
at org.openqa.selenium.remote.RemoteWebDriver.execute(RemoteWebDriver.java:552)
at org.openqa.selenium.remote.RemoteWebDriver.findElement(RemoteWebDriver.java:323)
at org.openqa.selenium.remote.RemoteWebDriver.findElementById(RemoteWebDriver.java:372)
at org.openqa.selenium.By$ById.findElement(By.java:188)
at org.openqa.selenium.remote.RemoteWebDriver.findElement(RemoteWebDriver.java:315)
at com.orangeHRM.qa.base.BaseVerification.getAdmin_id(BaseVerification.java:151)
at com.orangeHRM.qa.base.BaseVerification.navigatingToAdmin(BaseVerification.java:223)
at com.orangeHRM.qa.testcases.ConfigurationAdminPageTest.verifyConfigurationAdminPageNavigation(ConfigurationAdminPageTest.java:21)
at java.util.ArrayList.forEach(ArrayList.java:1257)
... Removed 29 stack frames]]>
    </failure>
  </testcase> <!-- @BeforeClass verifyConfigurationAdminPageNavigation -->
  <testcase name="@AfterClass close" time="-1.636439213395E9" classname="com.orangeHRM.qa.base.BaseClass">
    <skipped/>
  </testcase> <!-- @AfterClass close -->
  <testcase name="@BeforeClass verifyManageReviewsSubPageNavigation" time="0.488" classname="com.orangeHRM.qa.testcases.ManageReviewsSubPageTest">
    <failure type="org.openqa.selenium.NoSuchElementException" message="no such element: Unable to locate element: {&amp;quot;method&amp;quot;:&amp;quot;css selector&amp;quot;,&amp;quot;selector&amp;quot;:&amp;quot;#menu__Performance&amp;quot;}
  (Session info: chrome=95.0.4638.69)
For documentation on this error, please visit: https://www.seleniumhq.org/exceptions/no_such_element.html
Build info: version: &amp;apos;3.141.59&amp;apos;, revision: &amp;apos;e82be7d358&amp;apos;, time: &amp;apos;2018-11-14T08:17:03&amp;apos;
System info: host: &amp;apos;PRUTHVIRAJ&amp;apos;, ip: &amp;apos;192.168.0.123&amp;apos;, os.name: &amp;apos;Windows 10&amp;apos;, os.arch: &amp;apos;amd64&amp;apos;, os.version: &amp;apos;10.0&amp;apos;, java.version: &amp;apos;1.8.0_191&amp;apos;
Driver info: org.openqa.selenium.chrome.ChromeDriver
Capabilities {acceptInsecureCerts: false, browserName: chrome, browserVersion: 95.0.4638.69, chrome: {chromedriverVersion: 95.0.4638.69 (6a1600ed572fe..., userDataDir: C:\Users\pruthvi\AppData\Lo...}, goog:chromeOptions: {debuggerAddress: localhost:57830}, javascriptEnabled: true, networkConnectionEnabled: false, pageLoadStrategy: normal, platform: WINDOWS, platformName: WINDOWS, proxy: Proxy(), setWindowRect: true, strictFileInteractability: false, timeouts: {implicit: 0, pageLoad: 300000, script: 30000}, unhandledPromptBehavior: dismiss and notify, webauthn:extension:credBlob: true, webauthn:extension:largeBlob: true, webauthn:virtualAuthenticators: true}
Session ID: 9a4da81c0ca2ceb77853581c924d5ac6
*** Element info: {Using=id, value=menu__Performance}">
      <![CDATA[org.openqa.selenium.NoSuchElementException: no such element: Unable to locate element: {"method":"css selector","selector":"#menu__Performance"}
  (Session info: chrome=95.0.4638.69)
For documentation on this error, please visit: https://www.seleniumhq.org/exceptions/no_such_element.html
Build info: version: '3.141.59', revision: 'e82be7d358', time: '2018-11-14T08:17:03'
System info: host: 'PRUTHVIRAJ', ip: '192.168.0.123', os.name: 'Windows 10', os.arch: 'amd64', os.version: '10.0', java.version: '1.8.0_191'
Driver info: org.openqa.selenium.chrome.ChromeDriver
Capabilities {acceptInsecureCerts: false, browserName: chrome, browserVersion: 95.0.4638.69, chrome: {chromedriverVersion: 95.0.4638.69 (6a1600ed572fe..., userDataDir: C:\Users\pruthvi\AppData\Lo...}, goog:chromeOptions: {debuggerAddress: localhost:57830}, javascriptEnabled: true, networkConnectionEnabled: false, pageLoadStrategy: normal, platform: WINDOWS, platformName: WINDOWS, proxy: Proxy(), setWindowRect: true, strictFileInteractability: false, timeouts: {implicit: 0, pageLoad: 300000, script: 30000}, unhandledPromptBehavior: dismiss and notify, webauthn:extension:credBlob: true, webauthn:extension:largeBlob: true, webauthn:virtualAuthenticators: true}
Session ID: 9a4da81c0ca2ceb77853581c924d5ac6
*** Element info: {Using=id, value=menu__Performance}
at org.openqa.selenium.remote.http.W3CHttpResponseCodec.createException(W3CHttpResponseCodec.java:187)
at org.openqa.selenium.remote.http.W3CHttpResponseCodec.decode(W3CHttpResponseCodec.java:122)
at org.openqa.selenium.remote.http.W3CHttpResponseCodec.decode(W3CHttpResponseCodec.java:49)
at org.openqa.selenium.remote.HttpCommandExecutor.execute(HttpCommandExecutor.java:158)
at org.openqa.selenium.remote.service.DriverCommandExecutor.execute(DriverCommandExecutor.java:83)
at org.openqa.selenium.remote.RemoteWebDriver.execute(RemoteWebDriver.java:552)
at org.openqa.selenium.remote.RemoteWebDriver.findElement(RemoteWebDriver.java:323)
at org.openqa.selenium.remote.RemoteWebDriver.findElementById(RemoteWebDriver.java:372)
at org.openqa.selenium.By$ById.findElement(By.java:188)
at org.openqa.selenium.remote.RemoteWebDriver.findElement(RemoteWebDriver.java:315)
at com.orangeHRM.qa.base.BaseVerification.getPerformance_id(BaseVerification.java:181)
at com.orangeHRM.qa.base.BaseVerification.navigatingToPerformance(BaseVerification.java:258)
at com.orangeHRM.qa.testcases.ManageReviewsSubPageTest.verifyManageReviewsSubPageNavigation(ManageReviewsSubPageTest.java:22)
at java.util.ArrayList.forEach(ArrayList.java:1257)
... Removed 28 stack frames]]>
    </failure>
  </testcase> <!-- @BeforeClass verifyManageReviewsSubPageNavigation -->
  <testcase name="@AfterClass close" time="-1.636439214098E9" classname="com.orangeHRM.qa.base.BaseClass">
    <skipped/>
  </testcase> <!-- @AfterClass close -->
  <testcase name="@BeforeClass verifyReportsLeavePageNavigation" time="0.529" classname="com.orangeHRM.qa.testcases.ReportsLeavePageTest">
    <failure type="org.openqa.selenium.NoSuchElementException" message="no such element: Unable to locate element: {&amp;quot;method&amp;quot;:&amp;quot;css selector&amp;quot;,&amp;quot;selector&amp;quot;:&amp;quot;#menu_leave_viewLeaveModule&amp;quot;}
  (Session info: chrome=95.0.4638.69)
For documentation on this error, please visit: https://www.seleniumhq.org/exceptions/no_such_element.html
Build info: version: &amp;apos;3.141.59&amp;apos;, revision: &amp;apos;e82be7d358&amp;apos;, time: &amp;apos;2018-11-14T08:17:03&amp;apos;
System info: host: &amp;apos;PRUTHVIRAJ&amp;apos;, ip: &amp;apos;192.168.0.123&amp;apos;, os.name: &amp;apos;Windows 10&amp;apos;, os.arch: &amp;apos;amd64&amp;apos;, os.version: &amp;apos;10.0&amp;apos;, java.version: &amp;apos;1.8.0_191&amp;apos;
Driver info: org.openqa.selenium.chrome.ChromeDriver
Capabilities {acceptInsecureCerts: false, browserName: chrome, browserVersion: 95.0.4638.69, chrome: {chromedriverVersion: 95.0.4638.69 (6a1600ed572fe..., userDataDir: C:\Users\pruthvi\AppData\Lo...}, goog:chromeOptions: {debuggerAddress: localhost:57830}, javascriptEnabled: true, networkConnectionEnabled: false, pageLoadStrategy: normal, platform: WINDOWS, platformName: WINDOWS, proxy: Proxy(), setWindowRect: true, strictFileInteractability: false, timeouts: {implicit: 0, pageLoad: 300000, script: 30000}, unhandledPromptBehavior: dismiss and notify, webauthn:extension:credBlob: true, webauthn:extension:largeBlob: true, webauthn:virtualAuthenticators: true}
Session ID: 9a4da81c0ca2ceb77853581c924d5ac6
*** Element info: {Using=id, value=menu_leave_viewLeaveModule}">
      <![CDATA[org.openqa.selenium.NoSuchElementException: no such element: Unable to locate element: {"method":"css selector","selector":"#menu_leave_viewLeaveModule"}
  (Session info: chrome=95.0.4638.69)
For documentation on this error, please visit: https://www.seleniumhq.org/exceptions/no_such_element.html
Build info: version: '3.141.59', revision: 'e82be7d358', time: '2018-11-14T08:17:03'
System info: host: 'PRUTHVIRAJ', ip: '192.168.0.123', os.name: 'Windows 10', os.arch: 'amd64', os.version: '10.0', java.version: '1.8.0_191'
Driver info: org.openqa.selenium.chrome.ChromeDriver
Capabilities {acceptInsecureCerts: false, browserName: chrome, browserVersion: 95.0.4638.69, chrome: {chromedriverVersion: 95.0.4638.69 (6a1600ed572fe..., userDataDir: C:\Users\pruthvi\AppData\Lo...}, goog:chromeOptions: {debuggerAddress: localhost:57830}, javascriptEnabled: true, networkConnectionEnabled: false, pageLoadStrategy: normal, platform: WINDOWS, platformName: WINDOWS, proxy: Proxy(), setWindowRect: true, strictFileInteractability: false, timeouts: {implicit: 0, pageLoad: 300000, script: 30000}, unhandledPromptBehavior: dismiss and notify, webauthn:extension:credBlob: true, webauthn:extension:largeBlob: true, webauthn:virtualAuthenticators: true}
Session ID: 9a4da81c0ca2ceb77853581c924d5ac6
*** Element info: {Using=id, value=menu_leave_viewLeaveModule}
at org.openqa.selenium.remote.http.W3CHttpResponseCodec.createException(W3CHttpResponseCodec.java:187)
at org.openqa.selenium.remote.http.W3CHttpResponseCodec.decode(W3CHttpResponseCodec.java:122)
at org.openqa.selenium.remote.http.W3CHttpResponseCodec.decode(W3CHttpResponseCodec.java:49)
at org.openqa.selenium.remote.HttpCommandExecutor.execute(HttpCommandExecutor.java:158)
at org.openqa.selenium.remote.service.DriverCommandExecutor.execute(DriverCommandExecutor.java:83)
at org.openqa.selenium.remote.RemoteWebDriver.execute(RemoteWebDriver.java:552)
at org.openqa.selenium.remote.RemoteWebDriver.findElement(RemoteWebDriver.java:323)
at org.openqa.selenium.remote.RemoteWebDriver.findElementById(RemoteWebDriver.java:372)
at org.openqa.selenium.By$ById.findElement(By.java:188)
at org.openqa.selenium.remote.RemoteWebDriver.findElement(RemoteWebDriver.java:315)
at com.orangeHRM.qa.base.BaseVerification.getLeave_id(BaseVerification.java:161)
at com.orangeHRM.qa.base.BaseVerification.navigatingToLeave(BaseVerification.java:235)
at com.orangeHRM.qa.testcases.ReportsLeavePageTest.verifyReportsLeavePageNavigation(ReportsLeavePageTest.java:21)
at java.util.ArrayList.forEach(ArrayList.java:1257)
... Removed 28 stack frames]]>
    </failure>
  </testcase> <!-- @BeforeClass verifyReportsLeavePageNavigation -->
  <testcase name="@AfterClass close" time="-1.636439215024E9" classname="com.orangeHRM.qa.base.BaseClass">
    <skipped/>
  </testcase> <!-- @AfterClass close -->
  <testcase name="@BeforeClass verifyPurgeCandidatesRecordsPageNavigation" time="0.85" classname="com.orangeHRM.qa.testcases.PurgeCandidatesRecordsPageTest">
    <failure type="org.openqa.selenium.NoSuchElementException" message="no such element: Unable to locate element: {&amp;quot;method&amp;quot;:&amp;quot;css selector&amp;quot;,&amp;quot;selector&amp;quot;:&amp;quot;#menu_maintenance_purgeEmployee&amp;quot;}
  (Session info: chrome=95.0.4638.69)
For documentation on this error, please visit: https://www.seleniumhq.org/exceptions/no_such_element.html
Build info: version: &amp;apos;3.141.59&amp;apos;, revision: &amp;apos;e82be7d358&amp;apos;, time: &amp;apos;2018-11-14T08:17:03&amp;apos;
System info: host: &amp;apos;PRUTHVIRAJ&amp;apos;, ip: &amp;apos;192.168.0.123&amp;apos;, os.name: &amp;apos;Windows 10&amp;apos;, os.arch: &amp;apos;amd64&amp;apos;, os.version: &amp;apos;10.0&amp;apos;, java.version: &amp;apos;1.8.0_191&amp;apos;
Driver info: org.openqa.selenium.chrome.ChromeDriver
Capabilities {acceptInsecureCerts: false, browserName: chrome, browserVersion: 95.0.4638.69, chrome: {chromedriverVersion: 95.0.4638.69 (6a1600ed572fe..., userDataDir: C:\Users\pruthvi\AppData\Lo...}, goog:chromeOptions: {debuggerAddress: localhost:57830}, javascriptEnabled: true, networkConnectionEnabled: false, pageLoadStrategy: normal, platform: WINDOWS, platformName: WINDOWS, proxy: Proxy(), setWindowRect: true, strictFileInteractability: false, timeouts: {implicit: 0, pageLoad: 300000, script: 30000}, unhandledPromptBehavior: dismiss and notify, webauthn:extension:credBlob: true, webauthn:extension:largeBlob: true, webauthn:virtualAuthenticators: true}
Session ID: 9a4da81c0ca2ceb77853581c924d5ac6
*** Element info: {Using=id, value=menu_maintenance_purgeEmployee}">
      <![CDATA[org.openqa.selenium.NoSuchElementException: no such element: Unable to locate element: {"method":"css selector","selector":"#menu_maintenance_purgeEmployee"}
  (Session info: chrome=95.0.4638.69)
For documentation on this error, please visit: https://www.seleniumhq.org/exceptions/no_such_element.html
Build info: version: '3.141.59', revision: 'e82be7d358', time: '2018-11-14T08:17:03'
System info: host: 'PRUTHVIRAJ', ip: '192.168.0.123', os.name: 'Windows 10', os.arch: 'amd64', os.version: '10.0', java.version: '1.8.0_191'
Driver info: org.openqa.selenium.chrome.ChromeDriver
Capabilities {acceptInsecureCerts: false, browserName: chrome, browserVersion: 95.0.4638.69, chrome: {chromedriverVersion: 95.0.4638.69 (6a1600ed572fe..., userDataDir: C:\Users\pruthvi\AppData\Lo...}, goog:chromeOptions: {debuggerAddress: localhost:57830}, javascriptEnabled: true, networkConnectionEnabled: false, pageLoadStrategy: normal, platform: WINDOWS, platformName: WINDOWS, proxy: Proxy(), setWindowRect: true, strictFileInteractability: false, timeouts: {implicit: 0, pageLoad: 300000, script: 30000}, unhandledPromptBehavior: dismiss and notify, webauthn:extension:credBlob: true, webauthn:extension:largeBlob: true, webauthn:virtualAuthenticators: true}
Session ID: 9a4da81c0ca2ceb77853581c924d5ac6
*** Element info: {Using=id, value=menu_maintenance_purgeEmployee}
at org.openqa.selenium.remote.http.W3CHttpResponseCodec.createException(W3CHttpResponseCodec.java:187)
at org.openqa.selenium.remote.http.W3CHttpResponseCodec.decode(W3CHttpResponseCodec.java:122)
at org.openqa.selenium.remote.http.W3CHttpResponseCodec.decode(W3CHttpResponseCodec.java:49)
at org.openqa.selenium.remote.HttpCommandExecutor.execute(HttpCommandExecutor.java:158)
at org.openqa.selenium.remote.service.DriverCommandExecutor.execute(DriverCommandExecutor.java:83)
at org.openqa.selenium.remote.RemoteWebDriver.execute(RemoteWebDriver.java:552)
at org.openqa.selenium.remote.RemoteWebDriver.findElement(RemoteWebDriver.java:323)
at org.openqa.selenium.remote.RemoteWebDriver.findElementById(RemoteWebDriver.java:372)
at org.openqa.selenium.By$ById.findElement(By.java:188)
at org.openqa.selenium.remote.RemoteWebDriver.findElement(RemoteWebDriver.java:315)
at com.orangeHRM.qa.base.BaseVerification.getMaintenance_id(BaseVerification.java:196)
at com.orangeHRM.qa.base.BaseVerification.navigatingToMaintenance(BaseVerification.java:276)
at com.orangeHRM.qa.testcases.PurgeCandidatesRecordsPageTest.verifyPurgeCandidatesRecordsPageNavigation(PurgeCandidatesRecordsPageTest.java:23)
at java.util.ArrayList.forEach(ArrayList.java:1257)
... Removed 28 stack frames]]>
    </failure>
  </testcase> <!-- @BeforeClass verifyPurgeCandidatesRecordsPageNavigation -->
  <testcase name="@AfterClass close" time="-1.636439216106E9" classname="com.orangeHRM.qa.base.BaseClass">
    <skipped/>
  </testcase> <!-- @AfterClass close -->
  <testcase name="@BeforeClass verifyJobPageNavigation" time="0.491" classname="com.orangeHRM.qa.testcases.JobMyInfoPageTest">
    <failure type="org.openqa.selenium.NoSuchElementException" message="no such element: Unable to locate element: {&amp;quot;method&amp;quot;:&amp;quot;css selector&amp;quot;,&amp;quot;selector&amp;quot;:&amp;quot;#menu_pim_viewMyDetails&amp;quot;}
  (Session info: chrome=95.0.4638.69)
For documentation on this error, please visit: https://www.seleniumhq.org/exceptions/no_such_element.html
Build info: version: &amp;apos;3.141.59&amp;apos;, revision: &amp;apos;e82be7d358&amp;apos;, time: &amp;apos;2018-11-14T08:17:03&amp;apos;
System info: host: &amp;apos;PRUTHVIRAJ&amp;apos;, ip: &amp;apos;192.168.0.123&amp;apos;, os.name: &amp;apos;Windows 10&amp;apos;, os.arch: &amp;apos;amd64&amp;apos;, os.version: &amp;apos;10.0&amp;apos;, java.version: &amp;apos;1.8.0_191&amp;apos;
Driver info: org.openqa.selenium.chrome.ChromeDriver
Capabilities {acceptInsecureCerts: false, browserName: chrome, browserVersion: 95.0.4638.69, chrome: {chromedriverVersion: 95.0.4638.69 (6a1600ed572fe..., userDataDir: C:\Users\pruthvi\AppData\Lo...}, goog:chromeOptions: {debuggerAddress: localhost:57830}, javascriptEnabled: true, networkConnectionEnabled: false, pageLoadStrategy: normal, platform: WINDOWS, platformName: WINDOWS, proxy: Proxy(), setWindowRect: true, strictFileInteractability: false, timeouts: {implicit: 0, pageLoad: 300000, script: 30000}, unhandledPromptBehavior: dismiss and notify, webauthn:extension:credBlob: true, webauthn:extension:largeBlob: true, webauthn:virtualAuthenticators: true}
Session ID: 9a4da81c0ca2ceb77853581c924d5ac6
*** Element info: {Using=id, value=menu_pim_viewMyDetails}">
      <![CDATA[org.openqa.selenium.NoSuchElementException: no such element: Unable to locate element: {"method":"css selector","selector":"#menu_pim_viewMyDetails"}
  (Session info: chrome=95.0.4638.69)
For documentation on this error, please visit: https://www.seleniumhq.org/exceptions/no_such_element.html
Build info: version: '3.141.59', revision: 'e82be7d358', time: '2018-11-14T08:17:03'
System info: host: 'PRUTHVIRAJ', ip: '192.168.0.123', os.name: 'Windows 10', os.arch: 'amd64', os.version: '10.0', java.version: '1.8.0_191'
Driver info: org.openqa.selenium.chrome.ChromeDriver
Capabilities {acceptInsecureCerts: false, browserName: chrome, browserVersion: 95.0.4638.69, chrome: {chromedriverVersion: 95.0.4638.69 (6a1600ed572fe..., userDataDir: C:\Users\pruthvi\AppData\Lo...}, goog:chromeOptions: {debuggerAddress: localhost:57830}, javascriptEnabled: true, networkConnectionEnabled: false, pageLoadStrategy: normal, platform: WINDOWS, platformName: WINDOWS, proxy: Proxy(), setWindowRect: true, strictFileInteractability: false, timeouts: {implicit: 0, pageLoad: 300000, script: 30000}, unhandledPromptBehavior: dismiss and notify, webauthn:extension:credBlob: true, webauthn:extension:largeBlob: true, webauthn:virtualAuthenticators: true}
Session ID: 9a4da81c0ca2ceb77853581c924d5ac6
*** Element info: {Using=id, value=menu_pim_viewMyDetails}
at org.openqa.selenium.remote.http.W3CHttpResponseCodec.createException(W3CHttpResponseCodec.java:187)
at org.openqa.selenium.remote.http.W3CHttpResponseCodec.decode(W3CHttpResponseCodec.java:122)
at org.openqa.selenium.remote.http.W3CHttpResponseCodec.decode(W3CHttpResponseCodec.java:49)
at org.openqa.selenium.remote.HttpCommandExecutor.execute(HttpCommandExecutor.java:158)
at org.openqa.selenium.remote.service.DriverCommandExecutor.execute(DriverCommandExecutor.java:83)
at org.openqa.selenium.remote.RemoteWebDriver.execute(RemoteWebDriver.java:552)
at org.openqa.selenium.remote.RemoteWebDriver.findElement(RemoteWebDriver.java:323)
at org.openqa.selenium.remote.RemoteWebDriver.findElementById(RemoteWebDriver.java:372)
at org.openqa.selenium.By$ById.findElement(By.java:188)
at org.openqa.selenium.remote.RemoteWebDriver.findElement(RemoteWebDriver.java:315)
at com.orangeHRM.qa.base.BaseVerification.getMyinfo_id(BaseVerification.java:176)
at com.orangeHRM.qa.base.BaseVerification.navigatingToMyInfo(BaseVerification.java:253)
at com.orangeHRM.qa.testcases.JobMyInfoPageTest.verifyJobPageNavigation(JobMyInfoPageTest.java:25)
at java.util.ArrayList.forEach(ArrayList.java:1257)
... Removed 28 stack frames]]>
    </failure>
  </testcase> <!-- @BeforeClass verifyJobPageNavigation -->
  <testcase name="@AfterClass close" time="-1.636439217077E9" classname="com.orangeHRM.qa.base.BaseClass">
    <skipped/>
  </testcase> <!-- @AfterClass close -->
  <testcase name="@BeforeClass verifyImmigrationPageNavigation" time="0.505" classname="com.orangeHRM.qa.testcases.ImmigrationPageTest">
    <failure type="org.openqa.selenium.NoSuchElementException" message="no such element: Unable to locate element: {&amp;quot;method&amp;quot;:&amp;quot;css selector&amp;quot;,&amp;quot;selector&amp;quot;:&amp;quot;#menu_pim_viewMyDetails&amp;quot;}
  (Session info: chrome=95.0.4638.69)
For documentation on this error, please visit: https://www.seleniumhq.org/exceptions/no_such_element.html
Build info: version: &amp;apos;3.141.59&amp;apos;, revision: &amp;apos;e82be7d358&amp;apos;, time: &amp;apos;2018-11-14T08:17:03&amp;apos;
System info: host: &amp;apos;PRUTHVIRAJ&amp;apos;, ip: &amp;apos;192.168.0.123&amp;apos;, os.name: &amp;apos;Windows 10&amp;apos;, os.arch: &amp;apos;amd64&amp;apos;, os.version: &amp;apos;10.0&amp;apos;, java.version: &amp;apos;1.8.0_191&amp;apos;
Driver info: org.openqa.selenium.chrome.ChromeDriver
Capabilities {acceptInsecureCerts: false, browserName: chrome, browserVersion: 95.0.4638.69, chrome: {chromedriverVersion: 95.0.4638.69 (6a1600ed572fe..., userDataDir: C:\Users\pruthvi\AppData\Lo...}, goog:chromeOptions: {debuggerAddress: localhost:57830}, javascriptEnabled: true, networkConnectionEnabled: false, pageLoadStrategy: normal, platform: WINDOWS, platformName: WINDOWS, proxy: Proxy(), setWindowRect: true, strictFileInteractability: false, timeouts: {implicit: 0, pageLoad: 300000, script: 30000}, unhandledPromptBehavior: dismiss and notify, webauthn:extension:credBlob: true, webauthn:extension:largeBlob: true, webauthn:virtualAuthenticators: true}
Session ID: 9a4da81c0ca2ceb77853581c924d5ac6
*** Element info: {Using=id, value=menu_pim_viewMyDetails}">
      <![CDATA[org.openqa.selenium.NoSuchElementException: no such element: Unable to locate element: {"method":"css selector","selector":"#menu_pim_viewMyDetails"}
  (Session info: chrome=95.0.4638.69)
For documentation on this error, please visit: https://www.seleniumhq.org/exceptions/no_such_element.html
Build info: version: '3.141.59', revision: 'e82be7d358', time: '2018-11-14T08:17:03'
System info: host: 'PRUTHVIRAJ', ip: '192.168.0.123', os.name: 'Windows 10', os.arch: 'amd64', os.version: '10.0', java.version: '1.8.0_191'
Driver info: org.openqa.selenium.chrome.ChromeDriver
Capabilities {acceptInsecureCerts: false, browserName: chrome, browserVersion: 95.0.4638.69, chrome: {chromedriverVersion: 95.0.4638.69 (6a1600ed572fe..., userDataDir: C:\Users\pruthvi\AppData\Lo...}, goog:chromeOptions: {debuggerAddress: localhost:57830}, javascriptEnabled: true, networkConnectionEnabled: false, pageLoadStrategy: normal, platform: WINDOWS, platformName: WINDOWS, proxy: Proxy(), setWindowRect: true, strictFileInteractability: false, timeouts: {implicit: 0, pageLoad: 300000, script: 30000}, unhandledPromptBehavior: dismiss and notify, webauthn:extension:credBlob: true, webauthn:extension:largeBlob: true, webauthn:virtualAuthenticators: true}
Session ID: 9a4da81c0ca2ceb77853581c924d5ac6
*** Element info: {Using=id, value=menu_pim_viewMyDetails}
at org.openqa.selenium.remote.http.W3CHttpResponseCodec.createException(W3CHttpResponseCodec.java:187)
at org.openqa.selenium.remote.http.W3CHttpResponseCodec.decode(W3CHttpResponseCodec.java:122)
at org.openqa.selenium.remote.http.W3CHttpResponseCodec.decode(W3CHttpResponseCodec.java:49)
at org.openqa.selenium.remote.HttpCommandExecutor.execute(HttpCommandExecutor.java:158)
at org.openqa.selenium.remote.service.DriverCommandExecutor.execute(DriverCommandExecutor.java:83)
at org.openqa.selenium.remote.RemoteWebDriver.execute(RemoteWebDriver.java:552)
at org.openqa.selenium.remote.RemoteWebDriver.findElement(RemoteWebDriver.java:323)
at org.openqa.selenium.remote.RemoteWebDriver.findElementById(RemoteWebDriver.java:372)
at org.openqa.selenium.By$ById.findElement(By.java:188)
at org.openqa.selenium.remote.RemoteWebDriver.findElement(RemoteWebDriver.java:315)
at com.orangeHRM.qa.base.BaseVerification.getMyinfo_id(BaseVerification.java:176)
at com.orangeHRM.qa.base.BaseVerification.navigatingToMyInfo(BaseVerification.java:253)
at com.orangeHRM.qa.testcases.ImmigrationPageTest.verifyImmigrationPageNavigation(ImmigrationPageTest.java:39)
at java.util.ArrayList.forEach(ArrayList.java:1257)
... Removed 28 stack frames]]>
    </failure>
  </testcase> <!-- @BeforeClass verifyImmigrationPageNavigation -->
  <testcase name="@AfterClass close" time="-1.636439219371E9" classname="com.orangeHRM.qa.base.BaseClass">
    <skipped/>
  </testcase> <!-- @AfterClass close -->
  <testcase name="@BeforeClass verifyNationalitiesPageNavigation" time="0.501" classname="com.orangeHRM.qa.testcases.NationalitiesPageTest">
    <failure type="org.openqa.selenium.NoSuchElementException" message="no such element: Unable to locate element: {&amp;quot;method&amp;quot;:&amp;quot;css selector&amp;quot;,&amp;quot;selector&amp;quot;:&amp;quot;#menu_admin_viewAdminModule&amp;quot;}
  (Session info: chrome=95.0.4638.69)
For documentation on this error, please visit: https://www.seleniumhq.org/exceptions/no_such_element.html
Build info: version: &amp;apos;3.141.59&amp;apos;, revision: &amp;apos;e82be7d358&amp;apos;, time: &amp;apos;2018-11-14T08:17:03&amp;apos;
System info: host: &amp;apos;PRUTHVIRAJ&amp;apos;, ip: &amp;apos;192.168.0.123&amp;apos;, os.name: &amp;apos;Windows 10&amp;apos;, os.arch: &amp;apos;amd64&amp;apos;, os.version: &amp;apos;10.0&amp;apos;, java.version: &amp;apos;1.8.0_191&amp;apos;
Driver info: org.openqa.selenium.chrome.ChromeDriver
Capabilities {acceptInsecureCerts: false, browserName: chrome, browserVersion: 95.0.4638.69, chrome: {chromedriverVersion: 95.0.4638.69 (6a1600ed572fe..., userDataDir: C:\Users\pruthvi\AppData\Lo...}, goog:chromeOptions: {debuggerAddress: localhost:57830}, javascriptEnabled: true, networkConnectionEnabled: false, pageLoadStrategy: normal, platform: WINDOWS, platformName: WINDOWS, proxy: Proxy(), setWindowRect: true, strictFileInteractability: false, timeouts: {implicit: 0, pageLoad: 300000, script: 30000}, unhandledPromptBehavior: dismiss and notify, webauthn:extension:credBlob: true, webauthn:extension:largeBlob: true, webauthn:virtualAuthenticators: true}
Session ID: 9a4da81c0ca2ceb77853581c924d5ac6
*** Element info: {Using=id, value=menu_admin_viewAdminModule}">
      <![CDATA[org.openqa.selenium.NoSuchElementException: no such element: Unable to locate element: {"method":"css selector","selector":"#menu_admin_viewAdminModule"}
  (Session info: chrome=95.0.4638.69)
For documentation on this error, please visit: https://www.seleniumhq.org/exceptions/no_such_element.html
Build info: version: '3.141.59', revision: 'e82be7d358', time: '2018-11-14T08:17:03'
System info: host: 'PRUTHVIRAJ', ip: '192.168.0.123', os.name: 'Windows 10', os.arch: 'amd64', os.version: '10.0', java.version: '1.8.0_191'
Driver info: org.openqa.selenium.chrome.ChromeDriver
Capabilities {acceptInsecureCerts: false, browserName: chrome, browserVersion: 95.0.4638.69, chrome: {chromedriverVersion: 95.0.4638.69 (6a1600ed572fe..., userDataDir: C:\Users\pruthvi\AppData\Lo...}, goog:chromeOptions: {debuggerAddress: localhost:57830}, javascriptEnabled: true, networkConnectionEnabled: false, pageLoadStrategy: normal, platform: WINDOWS, platformName: WINDOWS, proxy: Proxy(), setWindowRect: true, strictFileInteractability: false, timeouts: {implicit: 0, pageLoad: 300000, script: 30000}, unhandledPromptBehavior: dismiss and notify, webauthn:extension:credBlob: true, webauthn:extension:largeBlob: true, webauthn:virtualAuthenticators: true}
Session ID: 9a4da81c0ca2ceb77853581c924d5ac6
*** Element info: {Using=id, value=menu_admin_viewAdminModule}
at org.openqa.selenium.remote.http.W3CHttpResponseCodec.createException(W3CHttpResponseCodec.java:187)
at org.openqa.selenium.remote.http.W3CHttpResponseCodec.decode(W3CHttpResponseCodec.java:122)
at org.openqa.selenium.remote.http.W3CHttpResponseCodec.decode(W3CHttpResponseCodec.java:49)
at org.openqa.selenium.remote.HttpCommandExecutor.execute(HttpCommandExecutor.java:158)
at org.openqa.selenium.remote.service.DriverCommandExecutor.execute(DriverCommandExecutor.java:83)
at org.openqa.selenium.remote.RemoteWebDriver.execute(RemoteWebDriver.java:552)
at org.openqa.selenium.remote.RemoteWebDriver.findElement(RemoteWebDriver.java:323)
at org.openqa.selenium.remote.RemoteWebDriver.findElementById(RemoteWebDriver.java:372)
at org.openqa.selenium.By$ById.findElement(By.java:188)
at org.openqa.selenium.remote.RemoteWebDriver.findElement(RemoteWebDriver.java:315)
at com.orangeHRM.qa.base.BaseVerification.getAdmin_id(BaseVerification.java:151)
at com.orangeHRM.qa.base.BaseVerification.navigatingToAdmin(BaseVerification.java:223)
at com.orangeHRM.qa.testcases.NationalitiesPageTest.verifyNationalitiesPageNavigation(NationalitiesPageTest.java:20)
at java.util.ArrayList.forEach(ArrayList.java:1257)
... Removed 28 stack frames]]>
    </failure>
  </testcase> <!-- @BeforeClass verifyNationalitiesPageNavigation -->
  <testcase name="@AfterClass close" time="-1.636439220322E9" classname="com.orangeHRM.qa.base.BaseClass">
    <skipped/>
  </testcase> <!-- @AfterClass close -->
  <testcase name="@BeforeClass verifyPurgeRecordsPageNavigation" time="0.514" classname="com.orangeHRM.qa.testcases.PurgeRecordsPageTest">
    <failure type="org.openqa.selenium.NoSuchElementException" message="no such element: Unable to locate element: {&amp;quot;method&amp;quot;:&amp;quot;css selector&amp;quot;,&amp;quot;selector&amp;quot;:&amp;quot;#menu_maintenance_purgeEmployee&amp;quot;}
  (Session info: chrome=95.0.4638.69)
For documentation on this error, please visit: https://www.seleniumhq.org/exceptions/no_such_element.html
Build info: version: &amp;apos;3.141.59&amp;apos;, revision: &amp;apos;e82be7d358&amp;apos;, time: &amp;apos;2018-11-14T08:17:03&amp;apos;
System info: host: &amp;apos;PRUTHVIRAJ&amp;apos;, ip: &amp;apos;192.168.0.123&amp;apos;, os.name: &amp;apos;Windows 10&amp;apos;, os.arch: &amp;apos;amd64&amp;apos;, os.version: &amp;apos;10.0&amp;apos;, java.version: &amp;apos;1.8.0_191&amp;apos;
Driver info: org.openqa.selenium.chrome.ChromeDriver
[...]
    <skipped/>
  </testcase> <!-- performanceTesting -->
  <testcase name="verifyColorsOfSubmenuInPerformance" time="0.0" classname="com.orangeHRM.qa.testcases.PerformancePageTest">
    <skipped/>
  </testcase> <!-- verifyColorsOfSubmenuInPerformance -->
  <testcase name="leaveEntitlementsAndUsageReportTesting" time="0.0" classname="com.orangeHRM.qa.testcases.LeaveEntitlementsAndUsageReportPageTest">
    <skipped/>
  </testcase> <!-- leaveEntitlementsAndUsageReportTesting -->
  <testcase name="validatingUserManagementSubMenuDisplay" time="0.0" classname="com.orangeHRM.qa.testcases.ConfigurationAdminPageTest">
    <skipped/>
  </testcase> <!-- validatingUserManagementSubMenuDisplay -->
  <testcase name="configurationAdminTesting" time="0.0" classname="com.orangeHRM.qa.testcases.ConfigurationAdminPageTest">
    <skipped/>
  </testcase> <!-- configurationAdminTesting -->
  <testcase name="emailConfigurationTesting" time="0.0" classname="com.orangeHRM.qa.testcases.EmailConfigurationPageTest">
    <skipped/>
  </testcase> <!-- emailConfigurationTesting -->
  <testcase name="validateReportToButton_bgcolor" time="0.0" classname="com.orangeHRM.qa.testcases.ReportToPageTest">
    <skipped/>
  </testcase> <!-- validateReportToButton_bgcolor -->
  <testcase name="validateSalaryButton_bgcolor" time="0.0" classname="com.orangeHRM.qa.testcases.SalaryPageTest">
    <skipped/>
  </testcase> <!-- validateSalaryButton_bgcolor -->
  <testcase name="vacanciesTesting" time="0.0" classname="com.orangeHRM.qa.testcases.VacanciesPageTest">
    <skipped/>
  </testcase> <!-- vacanciesTesting -->
  <testcase name="validateContactDetailsButton_bgcolor" time="0.0" classname="com.orangeHRM.qa.testcases.ContactDetailsPageTest">
    <skipped/>
  </testcase> <!-- validateContactDetailsButton_bgcolor -->
  <testcase name="validatingContactsDetailsFieldsDisplay" time="0.0" classname="com.orangeHRM.qa.testcases.ContactDetailsPageTest">
    <skipped/>
  </testcase> <!-- validatingContactsDetailsFieldsDisplay -->
  <testcase name="setcontext" time="0.0" classname="com.orangeHRM.qa.testcases.ContactDetailsPageTest">
    <skipped/>
  </testcase> <!-- setcontext -->
  <testcase name="ContactsDetailsTesting" time="0.093" classname="com.orangeHRM.qa.testcases.ContactDetailsPageTest">
    <failure type="org.testng.internal.reflect.MethodMatcherException" message="
[public void com.orangeHRM.qa.testcases.ContactDetailsPageTest.ContactsDetailsTesting(java.lang.String,java.lang.String,java.lang.String,java.lang.String,java.lang.String,java.lang.String,java.lang.String,java.lang.String,java.lang.String,java.lang.String) throws java.lang.Exception] has no parameters defined but was found to be using a data provider (either explicitly specified or inherited from class level annotation).
Data provider mismatch
Method: ContactsDetailsTesting([Parameter{index=0, type=java.lang.String, declaredAnnotations=[]}, Parameter{index=1, type=java.lang.String, declaredAnnotations=[]}, Parameter{index=2, type=java.lang.String, declaredAnnotations=[]}, Parameter{index=3, type=java.lang.String, declaredAnnotations=[]}, Parameter{index=4, type=java.lang.String, declaredAnnotations=[]}, Parameter{index=5, type=java.lang.String, declaredAnnotations=[]}, Parameter{index=6, type=java.lang.String, declaredAnnotations=[]}, Parameter{index=7, type=java.lang.String, declaredAnnotations=[]}, Parameter{index=8, type=java.lang.String, declaredAnnotations=[]}, Parameter{index=9, type=java.lang.String, declaredAnnotations=[]}])
Arguments: [(java.lang.String) No Comments to write]">
      <![CDATA[org.testng.internal.reflect.MethodMatcherException: 
[public void com.orangeHRM.qa.testcases.ContactDetailsPageTest.ContactsDetailsTesting(java.lang.String,java.lang.String,java.lang.String,java.lang.String,java.lang.String,java.lang.String,java.lang.String,java.lang.String,java.lang.String,java.lang.String) throws java.lang.Exception] has no parameters defined but was found to be using a data provider (either explicitly specified or inherited from class level annotation).
Data provider mismatch
Method: ContactsDetailsTesting([Parameter{index=0, type=java.lang.String, declaredAnnotations=[]}, Parameter{index=1, type=java.lang.String, declaredAnnotations=[]}, Parameter{index=2, type=java.lang.String, declaredAnnotations=[]}, Parameter{index=3, type=java.lang.String, declaredAnnotations=[]}, Parameter{index=4, type=java.lang.String, declaredAnnotations=[]}, Parameter{index=5, type=java.lang.String, declaredAnnotations=[]}, Parameter{index=6, type=java.lang.String, declaredAnnotations=[]}, Parameter{index=7, type=java.lang.String, declaredAnnotations=[]}, Parameter{index=8, type=java.lang.String, declaredAnnotations=[]}, Parameter{index=9, type=java.lang.String, declaredAnnotations=[]}])
Arguments: [(java.lang.String) No Comments to write]
at java.util.ArrayList.forEach(ArrayList.java:1257)
... Removed 22 stack frames]]>
    </failure>
  </testcase> <!-- ContactsDetailsTesting -->
  <testcase name="validatingCountryDropdownOptionsSort" time="0.0" classname="com.orangeHRM.qa.testcases.ContactDetailsPageTest">
    <skipped/>
  </testcase> <!-- validatingCountryDropdownOptionsSort -->
  <testcase name="validatingCountryDropdownOptionsDuplicates" time="0.0" classname="com.orangeHRM.qa.testcases.ContactDetailsPageTest">
    <skipped/>
  </testcase> <!-- validatingCountryDropdownOptionsDuplicates -->
  <testcase name="comparingEmails" time="0.0" classname="com.orangeHRM.qa.testcases.ContactDetailsPageTest">
    <skipped/>
  </testcase> <!-- comparingEmails -->
  <testcase name="emailContainingCom" time="0.0" classname="com.orangeHRM.qa.testcases.ContactDetailsPageTest">
    <skipped/>
  </testcase> <!-- emailContainingCom -->
  <testcase name="buttonColorValidation" time="0.0" classname="com.orangeHRM.qa.testcases.ContactDetailsPageTest">
    <skipped/>
  </testcase> <!-- buttonColorValidation -->
  <testcase name="setcontext1" time="0.0" classname="com.orangeHRM.qa.testcases.ContactDetailsPageTest">
    <skipped/>
  </testcase> <!-- setcontext1 -->
  <testcase name="contactDetailsAttatchmentTesting" time="0.0" classname="com.orangeHRM.qa.testcases.ContactDetailsPageTest">
    <skipped/>
  </testcase> <!-- contactDetailsAttatchmentTesting -->
  <testcase name="tableHeaderValidation" time="0.0" classname="com.orangeHRM.qa.testcases.ContactDetailsPageTest">
    <skipped/>
  </testcase> <!-- tableHeaderValidation -->
  <testcase name="toolTipValidation" time="0.0" classname="com.orangeHRM.qa.testcases.ContactDetailsPageTest">
    <skipped/>
  </testcase> <!-- toolTipValidation -->
  <testcase name="clickingOnEditLink" time="0.0" classname="com.orangeHRM.qa.testcases.ContactDetailsPageTest">
    <skipped/>
  </testcase> <!-- clickingOnEditLink -->
  <testcase name="example_VerifyDownloadWithFileName" time="0.0" classname="com.orangeHRM.qa.testcases.ContactDetailsPageTest">
    <skipped/>
  </testcase> <!-- example_VerifyDownloadWithFileName -->
  <testcase name="deletingSingle_Attatchment" time="0.001" classname="com.orangeHRM.qa.testcases.ContactDetailsPageTest">
    <skipped/>
  </testcase> <!-- deletingSingle_Attatchment -->
  <testcase name="deletingall_Attatchments" time="0.0" classname="com.orangeHRM.qa.testcases.ContactDetailsPageTest">
    <skipped/>
  </testcase> <!-- deletingall_Attatchments -->
  <testcase name="validatingPersonalDetailsFieldsDisplay" time="0.0" classname="com.orangeHRM.qa.testcases.PersonalDetailsPageTest">
    <skipped/>
  </testcase> <!-- validatingPersonalDetailsFieldsDisplay -->
  <testcase name="setcontext" time="0.0" classname="com.orangeHRM.qa.testcases.PersonalDetailsPageTest">
    <skipped/>
  </testcase> <!-- setcontext -->
  <testcase name="personalDetailsTesting" time="0.046" classname="com.orangeHRM.qa.testcases.PersonalDetailsPageTest">
    <failure type="org.testng.internal.reflect.MethodMatcherException" message="
[public void com.orangeHRM.qa.testcases.PersonalDetailsPageTest.personalDetailsTesting(java.lang.String,java.lang.String,java.lang.String,java.lang.String,java.lang.String,java.lang.String,java.lang.String,java.lang.String,java.lang.String,java.lang.String) throws java.lang.Exception] has no parameters defined but was found to be using a data provider (either explicitly specified or inherited from class level annotation).
Data provider mismatch
Method: personalDetailsTesting([Parameter{index=0, type=java.lang.String, declaredAnnotations=[]}, Parameter{index=1, type=java.lang.String, declaredAnnotations=[]}, Parameter{index=2, type=java.lang.String, declaredAnnotations=[]}, Parameter{index=3, type=java.lang.String, declaredAnnotations=[]}, Parameter{index=4, type=java.lang.String, declaredAnnotations=[]}, Parameter{index=5, type=java.lang.String, declaredAnnotations=[]}, Parameter{index=6, type=java.lang.String, declaredAnnotations=[]}, Parameter{index=7, type=java.lang.String, declaredAnnotations=[]}, Parameter{index=8, type=java.lang.String, declaredAnnotations=[]}, Parameter{index=9, type=java.lang.String, declaredAnnotations=[]}])
Arguments: [(java.lang.String) No Comments to write]">
      <![CDATA[org.testng.internal.reflect.MethodMatcherException: 
[public void com.orangeHRM.qa.testcases.PersonalDetailsPageTest.personalDetailsTesting(java.lang.String,java.lang.String,java.lang.String,java.lang.String,java.lang.String,java.lang.String,java.lang.String,java.lang.String,java.lang.String,java.lang.String) throws java.lang.Exception] has no parameters defined but was found to be using a data provider (either explicitly specified or inherited from class level annotation).
Data provider mismatch
Method: personalDetailsTesting([Parameter{index=0, type=java.lang.String, declaredAnnotations=[]}, Parameter{index=1, type=java.lang.String, declaredAnnotations=[]}, Parameter{index=2, type=java.lang.String, declaredAnnotations=[]}, Parameter{index=3, type=java.lang.String, declaredAnnotations=[]}, Parameter{index=4, type=java.lang.String, declaredAnnotations=[]}, Parameter{index=5, type=java.lang.String, declaredAnnotations=[]}, Parameter{index=6, type=java.lang.String, declaredAnnotations=[]}, Parameter{index=7, type=java.lang.String, declaredAnnotations=[]}, Parameter{index=8, type=java.lang.String, declaredAnnotations=[]}, Parameter{index=9, type=java.lang.String, declaredAnnotations=[]}])
Arguments: [(java.lang.String) No Comments to write]
at java.util.ArrayList.forEach(ArrayList.java:1257)
... Removed 22 stack frames]]>
    </failure>
  </testcase> <!-- personalDetailsTesting -->
  <testcase name="validatingNationalityDropdownOptionsSort" time="0.0" classname="com.orangeHRM.qa.testcases.PersonalDetailsPageTest">
    <skipped/>
  </testcase> <!-- validatingNationalityDropdownOptionsSort -->
  <testcase name="validatingNationalityDropdownOptionsDuplicates" time="0.0" classname="com.orangeHRM.qa.testcases.PersonalDetailsPageTest">
    <skipped/>
  </testcase> <!-- validatingNationalityDropdownOptionsDuplicates -->
  <testcase name="validatingMarritalStatusDropdownOptionsSort" time="0.0" classname="com.orangeHRM.qa.testcases.PersonalDetailsPageTest">
    <skipped/>
  </testcase> <!-- validatingMarritalStatusDropdownOptionsSort -->
  <testcase name="validatingMarritalStatusDropdownOptionsDuplicates" time="0.0" classname="com.orangeHRM.qa.testcases.PersonalDetailsPageTest">
    <skipped/>
  </testcase> <!-- validatingMarritalStatusDropdownOptionsDuplicates -->
  <testcase name="verifyDateOfBirthDateFormat" time="0.0" classname="com.orangeHRM.qa.testcases.PersonalDetailsPageTest">
    <skipped/>
  </testcase> <!-- verifyDateOfBirthDateFormat -->
  <testcase name="verifyLicenseExpiryDateFormat" time="0.0" classname="com.orangeHRM.qa.testcases.PersonalDetailsPageTest">
    <skipped/>
  </testcase> <!-- verifyLicenseExpiryDateFormat -->
  <testcase name="setcontext1" time="0.0" classname="com.orangeHRM.qa.testcases.PersonalDetailsPageTest">
    <skipped/>
  </testcase> <!-- setcontext1 -->
  <testcase name="personalDetailsEditTesting" time="0.066" classname="com.orangeHRM.qa.testcases.PersonalDetailsPageTest">
    <failure type="org.testng.internal.reflect.MethodMatcherException" message="
[public void com.orangeHRM.qa.testcases.PersonalDetailsPageTest.personalDetailsEditTesting(java.lang.String,java.lang.String,java.lang.String,java.lang.String,java.lang.String,java.lang.String,java.lang.String,java.lang.String,java.lang.String,java.lang.String) throws java.lang.Exception] has no parameters defined but was found to be using a data provider (either explicitly specified or inherited from class level annotation).
Data provider mismatch
Method: personalDetailsEditTesting([Parameter{index=0, type=java.lang.String, declaredAnnotations=[]}, Parameter{index=1, type=java.lang.String, declaredAnnotations=[]}, Parameter{index=2, type=java.lang.String, declaredAnnotations=[]}, Parameter{index=3, type=java.lang.String, declaredAnnotations=[]}, Parameter{index=4, type=java.lang.String, declaredAnnotations=[]}, Parameter{index=5, type=java.lang.String, declaredAnnotations=[]}, Parameter{index=6, type=java.lang.String, declaredAnnotations=[]}, Parameter{index=7, type=java.lang.String, declaredAnnotations=[]}, Parameter{index=8, type=java.lang.String, declaredAnnotations=[]}, Parameter{index=9, type=java.lang.String, declaredAnnotations=[]}])
Arguments: [(java.lang.String) No Comments to write]">
      <![CDATA[org.testng.internal.reflect.MethodMatcherException: 
[public void com.orangeHRM.qa.testcases.PersonalDetailsPageTest.personalDetailsEditTesting(java.lang.String,java.lang.String,java.lang.String,java.lang.String,java.lang.String,java.lang.String,java.lang.String,java.lang.String,java.lang.String,java.lang.String) throws java.lang.Exception] has no parameters defined but was found to be using a data provider (either explicitly specified or inherited from class level annotation).
Data provider mismatch
Method: personalDetailsEditTesting([Parameter{index=0, type=java.lang.String, declaredAnnotations=[]}, Parameter{index=1, type=java.lang.String, declaredAnnotations=[]}, Parameter{index=2, type=java.lang.String, declaredAnnotations=[]}, Parameter{index=3, type=java.lang.String, declaredAnnotations=[]}, Parameter{index=4, type=java.lang.String, declaredAnnotations=[]}, Parameter{index=5, type=java.lang.String, declaredAnnotations=[]}, Parameter{index=6, type=java.lang.String, declaredAnnotations=[]}, Parameter{index=7, type=java.lang.String, declaredAnnotations=[]}, Parameter{index=8, type=java.lang.String, declaredAnnotations=[]}, Parameter{index=9, type=java.lang.String, declaredAnnotations=[]}])
Arguments: [(java.lang.String) No Comments to write]
at java.util.ArrayList.forEach(ArrayList.java:1257)
... Removed 22 stack frames]]>
    </failure>
  </testcase> <!-- personalDetailsEditTesting -->
  <testcase name="setcontext2" time="0.0" classname="com.orangeHRM.qa.testcases.PersonalDetailsPageTest">
    <skipped/>
  </testcase> <!-- setcontext2 -->
  <testcase name="editCustomfields" time="0.0" classname="com.orangeHRM.qa.testcases.PersonalDetailsPageTest">
    <skipped/>
  </testcase> <!-- editCustomfields -->
  <testcase name="setcontext3" time="0.0" classname="com.orangeHRM.qa.testcases.PersonalDetailsPageTest">
    <skipped/>
  </testcase> <!-- setcontext3 -->
  <testcase name="personalDetailsAttatchmentTesting" time="0.0" classname="com.orangeHRM.qa.testcases.PersonalDetailsPageTest">
    <skipped/>
  </testcase> <!-- personalDetailsAttatchmentTesting -->
  <testcase name="colorOfButtons" time="0.0" classname="com.orangeHRM.qa.testcases.PersonalDetailsPageTest">
    <skipped/>
  </testcase> <!-- colorOfButtons -->
  <testcase name="tableHeaderValidation" time="0.0" classname="com.orangeHRM.qa.testcases.PersonalDetailsPageTest">
    <skipped/>
  </testcase> <!-- tableHeaderValidation -->
  <testcase name="toolTipValidation" time="0.0" classname="com.orangeHRM.qa.testcases.PersonalDetailsPageTest">
    <skipped/>
  </testcase> <!-- toolTipValidation -->
  <testcase name="example_VerifyDownloadWithFileName" time="0.0" classname="com.orangeHRM.qa.testcases.PersonalDetailsPageTest">
    <skipped/>
  </testcase> <!-- example_VerifyDownloadWithFileName -->
  <testcase name="deletingSingle_Attatchment" time="0.0" classname="com.orangeHRM.qa.testcases.PersonalDetailsPageTest">
    <skipped/>
  </testcase> <!-- deletingSingle_Attatchment -->
  <testcase name="deletingall_Attatchments" time="0.0" classname="com.orangeHRM.qa.testcases.PersonalDetailsPageTest">
    <skipped/>
  </testcase> <!-- deletingall_Attatchments -->
  <testcase name="purgeEmployeeRecordsTesting" time="0.0" classname="com.orangeHRM.qa.testcases.PurgeEmployeeRecordsPageTest">
    <skipped/>
  </testcase> <!-- purgeEmployeeRecordsTesting -->
  <testcase name="setcontext" time="0.0" classname="com.orangeHRM.qa.testcases.EmployeeEntitlementPageTest">
    <skipped/>
  </testcase> <!-- setcontext -->
  <testcase name="verifyEmployeeEntitlementsTestPage" time="0.0" classname="com.orangeHRM.qa.testcases.EmployeeEntitlementPageTest">
    <skipped/>
  </testcase> <!-- verifyEmployeeEntitlementsTestPage -->
  <testcase name="validatingEntitlementsSubMenuDisplay" time="0.0" classname="com.orangeHRM.qa.testcases.EntitlementsPageTest">
    <skipped/>
  </testcase> <!-- validatingEntitlementsSubMenuDisplay -->
  <testcase name="entitlementsTesting" time="0.0" classname="com.orangeHRM.qa.testcases.EntitlementsPageTest">
    <skipped/>
  </testcase> <!-- entitlementsTesting -->
  <testcase name="projectsTesting" time="0.0" classname="com.orangeHRM.qa.testcases.ProjectsPageTest">
    <skipped/>
  </testcase> <!-- projectsTesting -->
  <testcase name="myTimeSheetsTesting" time="0.0" classname="com.orangeHRM.qa.testcases.MyTimeSheetsPageTest">
    <skipped/>
  </testcase> <!-- myTimeSheetsTesting -->
  <testcase name="registerOAuthClientTesting" time="0.0" classname="com.orangeHRM.qa.testcases.RegisterOAuthClientPageTest">
    <skipped/>
  </testcase> <!-- registerOAuthClientTesting -->
  <testcase name="validatingTimeSubMenuDisplay" time="0.0" classname="com.orangeHRM.qa.testcases.TimePageTest">
    <skipped/>
  </testcase> <!-- validatingTimeSubMenuDisplay -->
  <testcase name="timeTesting" time="0.0" classname="com.orangeHRM.qa.testcases.TimePageTest">
    <skipped/>
  </testcase> <!-- timeTesting -->
  <testcase name="verifyColorsOfSubmenuInTime" time="0.0" classname="com.orangeHRM.qa.testcases.TimePageTest">
    <skipped/>
  </testcase> <!-- verifyColorsOfSubmenuInTime -->
  <testcase name="languagesTesting" time="0.0" classname="com.orangeHRM.qa.testcases.LanguagesPageTest">
    <skipped/>
  </testcase> <!-- languagesTesting -->
  <testcase name="employeeTimeSheetsTesting" time="0.0" classname="com.orangeHRM.qa.testcases.EmployeeTimeSheetsPageTest">
    <skipped/>
  </testcase> <!-- employeeTimeSheetsTesting -->
  <testcase name="validateMemberships_MyInfoButton_bgcolor" time="0.0" classname="com.orangeHRM.qa.testcases.Memberships_MyInfoPageTest">
    <skipped/>
  </testcase> <!-- validateMemberships_MyInfoButton_bgcolor -->
  <testcase name="myLeaveEntitlementsAndUsageReportTesting" time="0.0" classname="com.orangeHRM.qa.testcases.MyLeaveEntitlementsAndUsageReportPageTest">
    <skipped/>
  </testcase> <!-- myLeaveEntitlementsAndUsageReportTesting -->
  <testcase name="terminationReasonsPIMTesting" time="0.0" classname="com.orangeHRM.qa.testcases.TerminationReasonsPIMPageTest">
    <skipped/>
  </testcase> <!-- terminationReasonsPIMTesting -->
  <testcase name="validatingRecruitmentSubMenuDisplay" time="0.0" classname="com.orangeHRM.qa.testcases.RecruitmentPageTest">
    <skipped/>
  </testcase> <!-- validatingRecruitmentSubMenuDisplay -->
  <testcase name="verifyColorsOfSubmenuInRecruitment" time="0.0" classname="com.orangeHRM.qa.testcases.RecruitmentPageTest">
    <skipped/>
  </testcase> <!-- verifyColorsOfSubmenuInRecruitment -->
</testsuite> <!-- Test -->
